[0m14:50:16.932375 [debug] [MainThread]: Sending event: {'category': 'dbt', 'action': 'invocation', 'label': 'start', 'context': [<snowplow_tracker.self_describing_json.SelfDescribingJson object at 0x0000020A4BAD42E0>, <snowplow_tracker.self_describing_json.SelfDescribingJson object at 0x0000020A4EDCAC80>, <snowplow_tracker.self_describing_json.SelfDescribingJson object at 0x0000020A4EDCAA10>]}


============================== 14:50:16.935375 | 16040dd4-dfa5-4647-80c6-cc380ce7ef52 ==============================
[0m14:50:16.935375 [info ] [MainThread]: Running with dbt=1.7.2
[0m14:50:16.935375 [debug] [MainThread]: running dbt with arguments {'printer_width': '80', 'indirect_selection': 'eager', 'log_cache_events': 'False', 'write_json': 'True', 'partial_parse': 'True', 'cache_selected_only': 'False', 'profiles_dir': 'C:\\Users\\Samuel\\Desktop\\customer360\\integration_tests', 'debug': 'False', 'version_check': 'True', 'log_path': 'C:\\Users\\Samuel\\Desktop\\customer360\\integration_tests\\logs', 'warn_error': 'None', 'fail_fast': 'False', 'use_colors': 'True', 'use_experimental_parser': 'False', 'no_print': 'None', 'quiet': 'False', 'log_format': 'default', 'invocation_command': 'dbt deps', 'warn_error_options': 'WarnErrorOptions(include=[], exclude=[])', 'introspect': 'True', 'target_path': 'None', 'static_parser': 'True', 'send_anonymous_usage_stats': 'True'}
[0m14:50:17.001884 [debug] [MainThread]: Sending event: {'category': 'dbt', 'action': 'project_id', 'label': '16040dd4-dfa5-4647-80c6-cc380ce7ef52', 'context': [<snowplow_tracker.self_describing_json.SelfDescribingJson object at 0x0000020A4ED7E080>]}
[0m14:50:17.002884 [debug] [MainThread]: Set downloads directory='C:\Users\Samuel\AppData\Local\Temp\dbt-downloads-xaitn6h6'
[0m14:50:17.004883 [info ] [MainThread]: Updating lock file in file path: C:\Users\Samuel\Desktop\customer360\integration_tests/package-lock.yml
[0m14:50:17.005883 [debug] [MainThread]: Set downloads directory='C:\Users\Samuel\AppData\Local\Temp\dbt-downloads-fst6ucu3'
[0m14:50:17.006883 [info ] [MainThread]: Installing ../
[0m14:50:17.006883 [debug] [MainThread]: Creating symlink to local dependency.
[0m14:50:17.007883 [debug] [MainThread]: Symlinks are not available on this OS, copying dependency.
[0m14:50:20.607498 [error] [MainThread]: Encountered an error:
[('C:\\Users\\Samuel\\Desktop\\customer360\\integration_tests\\dbt_packages\\customer360\\integration_tests\\dbt_packages\\customer360\\integration_tests\\dbt_packages\\customer360\\integration_tests\\dbt_packages\\customer360', 'dbt_packages\\customer360\\integration_tests\\dbt_packages\\customer360\\integration_tests\\dbt_packages\\customer360\\integration_tests\\dbt_packages\\customer360\\integration_tests\\dbt_packages\\customer360', "[WinError 206] The filename or extension is too long: 'dbt_packages\\\\customer360\\\\integration_tests\\\\dbt_packages\\\\customer360\\\\integration_tests\\\\dbt_packages\\\\customer360\\\\integration_tests\\\\dbt_packages\\\\customer360\\\\integration_tests\\\\dbt_packages\\\\customer360'")]
[0m14:50:20.609500 [error] [MainThread]: Traceback (most recent call last):
  File "C:\Users\Samuel\Desktop\customer360\integration_tests\venv\lib\site-packages\dbt\deps\local.py", line 67, in install
    system.make_symlink(src_path, dest_path)
  File "C:\Users\Samuel\Desktop\customer360\integration_tests\venv\lib\site-packages\dbt\clients\system.py", line 158, in make_symlink
    os.symlink(source, link_path)
OSError: [WinError 1314] A required privilege is not held by the client: 'C:\\Users\\Samuel\\Desktop\\customer360' -> 'dbt_packages\\customer360'

During handling of the above exception, another exception occurred:

Traceback (most recent call last):
  File "C:\Users\Samuel\Desktop\customer360\integration_tests\venv\lib\site-packages\dbt\cli\requires.py", line 90, in wrapper
    result, success = func(*args, **kwargs)
  File "C:\Users\Samuel\Desktop\customer360\integration_tests\venv\lib\site-packages\dbt\cli\requires.py", line 75, in wrapper
    return func(*args, **kwargs)
  File "C:\Users\Samuel\Desktop\customer360\integration_tests\venv\lib\site-packages\dbt\cli\requires.py", line 151, in wrapper
    return func(*args, **kwargs)
  File "C:\Users\Samuel\Desktop\customer360\integration_tests\venv\lib\site-packages\dbt\cli\requires.py", line 197, in wrapper
    return func(*args, **kwargs)
  File "C:\Users\Samuel\Desktop\customer360\integration_tests\venv\lib\site-packages\dbt\cli\main.py", line 492, in deps
    results = task.run()
  File "C:\Users\Samuel\Desktop\customer360\integration_tests\venv\lib\site-packages\dbt\task\deps.py", line 252, in run
    package.install(self.project, renderer)
  File "C:\Users\Samuel\Desktop\customer360\integration_tests\venv\lib\site-packages\dbt\deps\local.py", line 70, in install
    shutil.copytree(src_path, dest_path)
  File "C:\Python\lib\shutil.py", line 559, in copytree
    return _copytree(entries=entries, src=src, dst=dst, symlinks=symlinks,
  File "C:\Python\lib\shutil.py", line 513, in _copytree
    raise Error(errors)
shutil.Error: [('C:\\Users\\Samuel\\Desktop\\customer360\\integration_tests\\dbt_packages\\customer360\\integration_tests\\dbt_packages\\customer360\\integration_tests\\dbt_packages\\customer360\\integration_tests\\dbt_packages\\customer360', 'dbt_packages\\customer360\\integration_tests\\dbt_packages\\customer360\\integration_tests\\dbt_packages\\customer360\\integration_tests\\dbt_packages\\customer360\\integration_tests\\dbt_packages\\customer360', "[WinError 206] The filename or extension is too long: 'dbt_packages\\\\customer360\\\\integration_tests\\\\dbt_packages\\\\customer360\\\\integration_tests\\\\dbt_packages\\\\customer360\\\\integration_tests\\\\dbt_packages\\\\customer360\\\\integration_tests\\\\dbt_packages\\\\customer360'")]

[0m14:50:20.612003 [debug] [MainThread]: Command `dbt deps` failed at 14:50:20.612003 after 3.72 seconds
[0m14:50:20.612003 [debug] [MainThread]: Sending event: {'category': 'dbt', 'action': 'invocation', 'label': 'end', 'context': [<snowplow_tracker.self_describing_json.SelfDescribingJson object at 0x0000020A4BAD42E0>, <snowplow_tracker.self_describing_json.SelfDescribingJson object at 0x0000020A4EE63C10>, <snowplow_tracker.self_describing_json.SelfDescribingJson object at 0x0000020A4EEB0460>]}
[0m14:50:20.613008 [debug] [MainThread]: Flushing usage events
[0m14:50:57.146162 [debug] [MainThread]: Sending event: {'category': 'dbt', 'action': 'invocation', 'label': 'start', 'context': [<snowplow_tracker.self_describing_json.SelfDescribingJson object at 0x000001C3C5074400>, <snowplow_tracker.self_describing_json.SelfDescribingJson object at 0x000001C3C836ACB0>, <snowplow_tracker.self_describing_json.SelfDescribingJson object at 0x000001C3C836AA40>]}


============================== 14:50:57.148463 | 4c6152b5-76b0-4004-9902-1d15f3881478 ==============================
[0m14:50:57.148463 [info ] [MainThread]: Running with dbt=1.7.2
[0m14:50:57.149467 [debug] [MainThread]: running dbt with arguments {'printer_width': '80', 'indirect_selection': 'eager', 'log_cache_events': 'False', 'write_json': 'True', 'partial_parse': 'True', 'cache_selected_only': 'False', 'profiles_dir': 'C:\\Users\\Samuel\\Desktop\\customer360\\integration_tests', 'version_check': 'True', 'warn_error': 'None', 'log_path': 'C:\\Users\\Samuel\\Desktop\\customer360\\integration_tests\\logs', 'debug': 'False', 'fail_fast': 'False', 'use_colors': 'True', 'use_experimental_parser': 'False', 'no_print': 'None', 'quiet': 'False', 'log_format': 'default', 'introspect': 'True', 'warn_error_options': 'WarnErrorOptions(include=[], exclude=[])', 'invocation_command': 'dbt seed', 'target_path': 'None', 'static_parser': 'True', 'send_anonymous_usage_stats': 'True'}
[0m14:50:57.650768 [debug] [MainThread]: Sending event: {'category': 'dbt', 'action': 'project_id', 'label': '4c6152b5-76b0-4004-9902-1d15f3881478', 'context': [<snowplow_tracker.self_describing_json.SelfDescribingJson object at 0x000001C3C836ACE0>]}
[0m14:50:57.709781 [debug] [MainThread]: Sending event: {'category': 'dbt', 'action': 'adapter_info', 'label': '4c6152b5-76b0-4004-9902-1d15f3881478', 'context': [<snowplow_tracker.self_describing_json.SelfDescribingJson object at 0x000001C3C83236A0>]}
[0m14:50:57.709781 [info ] [MainThread]: Registered adapter: postgres=1.7.2
[0m14:50:57.719918 [debug] [MainThread]: checksum: 61e99fc04fd80d06ce91efefd25c0802dcce8a048167599a1a188233d6ce8ed9, vars: {}, profile: , target: , version: 1.7.2
[0m14:50:57.720917 [info ] [MainThread]: Unable to do partial parsing because saved manifest not found. Starting full parse.
[0m14:50:57.721918 [debug] [MainThread]: Sending event: {'category': 'dbt', 'action': 'partial_parser', 'label': '4c6152b5-76b0-4004-9902-1d15f3881478', 'context': [<snowplow_tracker.self_describing_json.SelfDescribingJson object at 0x000001C3C84793F0>]}
[0m14:50:58.471639 [debug] [MainThread]: Sending event: {'category': 'dbt', 'action': 'load_project', 'label': '4c6152b5-76b0-4004-9902-1d15f3881478', 'context': [<snowplow_tracker.self_describing_json.SelfDescribingJson object at 0x000001C3C8CD00A0>]}
[0m14:50:58.516341 [debug] [MainThread]: Sending event: {'category': 'dbt', 'action': 'resource_counts', 'label': '4c6152b5-76b0-4004-9902-1d15f3881478', 'context': [<snowplow_tracker.self_describing_json.SelfDescribingJson object at 0x000001C3C8B38C10>]}
[0m14:50:58.517343 [info ] [MainThread]: Found 2 seeds, 4 models, 7 tests, 2 sources, 0 exposures, 0 metrics, 403 macros, 0 groups, 0 semantic models
[0m14:50:58.517343 [debug] [MainThread]: Sending event: {'category': 'dbt', 'action': 'runnable_timing', 'label': '4c6152b5-76b0-4004-9902-1d15f3881478', 'context': [<snowplow_tracker.self_describing_json.SelfDescribingJson object at 0x000001C3C8C79450>]}
[0m14:50:58.518343 [info ] [MainThread]: 
[0m14:50:58.519341 [debug] [MainThread]: Acquiring new postgres connection 'master'
[0m14:50:58.520343 [debug] [ThreadPool]: Acquiring new postgres connection 'list_dbt'
[0m14:50:58.526337 [debug] [ThreadPool]: Using postgres connection "list_dbt"
[0m14:50:58.527338 [debug] [ThreadPool]: On list_dbt: /* {"app": "dbt", "dbt_version": "1.7.2", "profile_name": "integration_tests", "target_name": "local", "connection_name": "list_dbt"} */

    select distinct nspname from pg_namespace
  
[0m14:50:58.527338 [debug] [ThreadPool]: Opening a new connection, currently in state init
[0m14:50:58.577381 [debug] [ThreadPool]: SQL status: SELECT 4 in 0.0 seconds
[0m14:50:58.578343 [debug] [ThreadPool]: On list_dbt: Close
[0m14:50:58.580343 [debug] [ThreadPool]: Acquiring new postgres connection 'list_dbt_public'
[0m14:50:58.584342 [debug] [ThreadPool]: Using postgres connection "list_dbt_public"
[0m14:50:58.585343 [debug] [ThreadPool]: On list_dbt_public: BEGIN
[0m14:50:58.585343 [debug] [ThreadPool]: Opening a new connection, currently in state init
[0m14:50:58.632050 [debug] [ThreadPool]: SQL status: BEGIN in 0.0 seconds
[0m14:50:58.632050 [debug] [ThreadPool]: Using postgres connection "list_dbt_public"
[0m14:50:58.633044 [debug] [ThreadPool]: On list_dbt_public: /* {"app": "dbt", "dbt_version": "1.7.2", "profile_name": "integration_tests", "target_name": "local", "connection_name": "list_dbt_public"} */
select
      'dbt' as database,
      tablename as name,
      schemaname as schema,
      'table' as type
    from pg_tables
    where schemaname ilike 'public'
    union all
    select
      'dbt' as database,
      viewname as name,
      schemaname as schema,
      'view' as type
    from pg_views
    where schemaname ilike 'public'
    union all
    select
      'dbt' as database,
      matviewname as name,
      schemaname as schema,
      'materialized_view' as type
    from pg_matviews
    where schemaname ilike 'public'
  
[0m14:50:58.635042 [debug] [ThreadPool]: SQL status: SELECT 0 in 0.0 seconds
[0m14:50:58.636042 [debug] [ThreadPool]: On list_dbt_public: ROLLBACK
[0m14:50:58.636042 [debug] [ThreadPool]: On list_dbt_public: Close
[0m14:50:58.639047 [debug] [MainThread]: Using postgres connection "master"
[0m14:50:58.640004 [debug] [MainThread]: On master: BEGIN
[0m14:50:58.640004 [debug] [MainThread]: Opening a new connection, currently in state init
[0m14:50:58.692968 [debug] [MainThread]: SQL status: BEGIN in 0.0 seconds
[0m14:50:58.692968 [debug] [MainThread]: Using postgres connection "master"
[0m14:50:58.692968 [debug] [MainThread]: On master: /* {"app": "dbt", "dbt_version": "1.7.2", "profile_name": "integration_tests", "target_name": "local", "connection_name": "master"} */
with relation as (
        select
            pg_rewrite.ev_class as class,
            pg_rewrite.oid as id
        from pg_rewrite
    ),
    class as (
        select
            oid as id,
            relname as name,
            relnamespace as schema,
            relkind as kind
        from pg_class
    ),
    dependency as (
        select distinct
            pg_depend.objid as id,
            pg_depend.refobjid as ref
        from pg_depend
    ),
    schema as (
        select
            pg_namespace.oid as id,
            pg_namespace.nspname as name
        from pg_namespace
        where nspname != 'information_schema' and nspname not like 'pg\_%'
    ),
    referenced as (
        select
            relation.id AS id,
            referenced_class.name ,
            referenced_class.schema ,
            referenced_class.kind
        from relation
        join class as referenced_class on relation.class=referenced_class.id
        where referenced_class.kind in ('r', 'v', 'm')
    ),
    relationships as (
        select
            referenced.name as referenced_name,
            referenced.schema as referenced_schema_id,
            dependent_class.name as dependent_name,
            dependent_class.schema as dependent_schema_id,
            referenced.kind as kind
        from referenced
        join dependency on referenced.id=dependency.id
        join class as dependent_class on dependency.ref=dependent_class.id
        where
            (referenced.name != dependent_class.name or
             referenced.schema != dependent_class.schema)
    )

    select
        referenced_schema.name as referenced_schema,
        relationships.referenced_name as referenced_name,
        dependent_schema.name as dependent_schema,
        relationships.dependent_name as dependent_name
    from relationships
    join schema as dependent_schema on relationships.dependent_schema_id=dependent_schema.id
    join schema as referenced_schema on relationships.referenced_schema_id=referenced_schema.id
    group by referenced_schema, referenced_name, dependent_schema, dependent_name
    order by referenced_schema, referenced_name, dependent_schema, dependent_name;
[0m14:50:58.696005 [debug] [MainThread]: SQL status: SELECT 0 in 0.0 seconds
[0m14:50:58.696005 [debug] [MainThread]: Sending event: {'category': 'dbt', 'action': 'runnable_timing', 'label': '4c6152b5-76b0-4004-9902-1d15f3881478', 'context': [<snowplow_tracker.self_describing_json.SelfDescribingJson object at 0x000001C3C89A5120>]}
[0m14:50:58.697007 [debug] [MainThread]: On master: ROLLBACK
[0m14:50:58.697007 [debug] [MainThread]: Using postgres connection "master"
[0m14:50:58.697007 [debug] [MainThread]: On master: BEGIN
[0m14:50:58.698052 [debug] [MainThread]: SQL status: BEGIN in 0.0 seconds
[0m14:50:58.698052 [debug] [MainThread]: On master: COMMIT
[0m14:50:58.699048 [debug] [MainThread]: Using postgres connection "master"
[0m14:50:58.699048 [debug] [MainThread]: On master: COMMIT
[0m14:50:58.699048 [debug] [MainThread]: SQL status: COMMIT in 0.0 seconds
[0m14:50:58.699048 [debug] [MainThread]: On master: Close
[0m14:50:58.700049 [info ] [MainThread]: Concurrency: 3 threads (target='local')
[0m14:50:58.701011 [info ] [MainThread]: 
[0m14:50:58.703010 [debug] [Thread-1 (]: Began running node seed.integration_tests.contacts
[0m14:50:58.703010 [debug] [Thread-2 (]: Began running node seed.integration_tests.transactions
[0m14:50:58.704009 [info ] [Thread-1 (]: 1 of 2 START seed file public.contacts ......................................... [RUN]
[0m14:50:58.704009 [info ] [Thread-2 (]: 2 of 2 START seed file public.transactions ..................................... [RUN]
[0m14:50:58.705010 [debug] [Thread-1 (]: Acquiring new postgres connection 'seed.integration_tests.contacts'
[0m14:50:58.705010 [debug] [Thread-2 (]: Acquiring new postgres connection 'seed.integration_tests.transactions'
[0m14:50:58.706010 [debug] [Thread-1 (]: Began compiling node seed.integration_tests.contacts
[0m14:50:58.706010 [debug] [Thread-2 (]: Began compiling node seed.integration_tests.transactions
[0m14:50:58.706010 [debug] [Thread-1 (]: Timing info for seed.integration_tests.contacts (compile): 14:50:58.706010 => 14:50:58.706010
[0m14:50:58.707010 [debug] [Thread-2 (]: Timing info for seed.integration_tests.transactions (compile): 14:50:58.707010 => 14:50:58.707010
[0m14:50:58.707010 [debug] [Thread-1 (]: Began executing node seed.integration_tests.contacts
[0m14:50:58.708009 [debug] [Thread-2 (]: Began executing node seed.integration_tests.transactions
[0m14:50:58.729514 [debug] [Thread-1 (]: Using postgres connection "seed.integration_tests.contacts"
[0m14:50:58.731514 [debug] [Thread-2 (]: Using postgres connection "seed.integration_tests.transactions"
[0m14:50:58.731514 [debug] [Thread-1 (]: On seed.integration_tests.contacts: BEGIN
[0m14:50:58.731514 [debug] [Thread-2 (]: On seed.integration_tests.transactions: BEGIN
[0m14:50:58.732515 [debug] [Thread-1 (]: Opening a new connection, currently in state init
[0m14:50:58.732515 [debug] [Thread-2 (]: Opening a new connection, currently in state init
[0m14:50:58.779976 [debug] [Thread-1 (]: SQL status: BEGIN in 0.0 seconds
[0m14:50:58.779976 [debug] [Thread-1 (]: Using postgres connection "seed.integration_tests.contacts"
[0m14:50:58.780976 [debug] [Thread-1 (]: On seed.integration_tests.contacts: /* {"app": "dbt", "dbt_version": "1.7.2", "profile_name": "integration_tests", "target_name": "local", "node_id": "seed.integration_tests.contacts"} */

    create table "dbt"."public"."contacts" ("id" text,"username" text,"name" text,"gender" text,"address" text,"mail" text,"birthdate" date,"_loaded_at_utc" timestamp)
  
[0m14:50:58.786975 [debug] [Thread-1 (]: SQL status: CREATE TABLE in 0.0 seconds
[0m14:50:58.808979 [debug] [Thread-1 (]: Using postgres connection "seed.integration_tests.contacts"
[0m14:50:58.809978 [debug] [Thread-1 (]: On seed.integration_tests.contacts: 
          insert into "dbt"."public"."contacts" ("id", "username", "name", "gender", "address", "mail", "birthdate", "_loaded_at_utc") values
          (%s,%s,%s,%s,%s,%s,%s,%s),(%s,%s,%s,%s,%s,%s,%s,%s),(%s,%s,%s,%s,%s,%s,%s,%s),(%s,%s,%s,%s,%s,%s,%s,%s),(%s,%s,%s,%s,%s,%s,%s,%s),(%s,%s,%s,%s,%s,%s,%s,%s),(%s,%s,%s,%s,%s,%s,%s,%s),(%s,%s,%s,%s,%s,%s,%s,%s),(%s,%s,%s,%s,%s,%s,%s,%s),(%s,%s,%s,%s,%s,%s,%s,%s),(%s,%s,%s,%s,%s,%s,%s,%s)
      ...
[0m14:50:58.810979 [debug] [Thread-1 (]: SQL status: INSERT 0 11 in 0.0 seconds
[0m14:50:58.814486 [debug] [Thread-1 (]: Writing runtime SQL for node "seed.integration_tests.contacts"
[0m14:50:58.814486 [debug] [Thread-2 (]: SQL status: BEGIN in 0.0 seconds
[0m14:50:58.815487 [debug] [Thread-2 (]: Using postgres connection "seed.integration_tests.transactions"
[0m14:50:58.815487 [debug] [Thread-2 (]: On seed.integration_tests.transactions: /* {"app": "dbt", "dbt_version": "1.7.2", "profile_name": "integration_tests", "target_name": "local", "node_id": "seed.integration_tests.transactions"} */

    create table "dbt"."public"."transactions" ("contact_id" text,"id" text,"transaction_date" text,"amount" float8,"item_count" integer,"category" text,"_loaded_at_utc" timestamp)
  
[0m14:50:58.826488 [debug] [Thread-1 (]: On seed.integration_tests.contacts: COMMIT
[0m14:50:58.826488 [debug] [Thread-2 (]: SQL status: CREATE TABLE in 0.0 seconds
[0m14:50:58.827487 [debug] [Thread-1 (]: Using postgres connection "seed.integration_tests.contacts"
[0m14:50:58.903536 [debug] [Thread-1 (]: On seed.integration_tests.contacts: COMMIT
[0m14:50:58.924202 [debug] [Thread-2 (]: Using postgres connection "seed.integration_tests.transactions"
[0m14:50:58.925162 [debug] [Thread-2 (]: On seed.integration_tests.transactions: 
          insert into "dbt"."public"."transactions" ("contact_id", "id", "transaction_date", "amount", "item_count", "category", "_loaded_at_utc") values
          (%s,%s,%s,%s,%s,%s,%s),(%s,%s,%s,%s,%s,%s,%s),(%s,%s,%s,%s,%s,%s,%s),(%s,%s,%s,%s,%s,%s,%s),(%s,%s,%s,%s,%s,%s,%s),(%s,%s,%s,%s,%s,%s,%s),(%s,%s,%s,%s,%s,%s,%s),(%s,%s,%s,%s,%s,%s,%s),(%s,%s,%s,%s,%s,%s,%s),(%s,%s,%s,%s,%s,%s,%s),(%s,%s,%s,%s,%s,%s,%s),(%s,%s,%s,%s,%s,%s,%s),(%s,%s,%s,%s,%s,%s,%s),(%s,%s,%s,%s,%s,%s,%s),(%s,%s,%s,%s,%s,%s,%s),(%...
[0m14:50:58.927161 [debug] [Thread-2 (]: SQL status: INSERT 0 102 in 0.0 seconds
[0m14:50:58.927161 [debug] [Thread-2 (]: Writing runtime SQL for node "seed.integration_tests.transactions"
[0m14:50:58.939580 [debug] [Thread-1 (]: SQL status: COMMIT in 0.0 seconds
[0m14:50:58.940581 [debug] [Thread-1 (]: Timing info for seed.integration_tests.contacts (execute): 14:50:58.708009 => 14:50:58.940581
[0m14:50:58.941583 [debug] [Thread-2 (]: On seed.integration_tests.transactions: COMMIT
[0m14:50:58.941583 [debug] [Thread-1 (]: On seed.integration_tests.contacts: Close
[0m14:50:58.942544 [debug] [Thread-2 (]: Using postgres connection "seed.integration_tests.transactions"
[0m14:50:58.943543 [debug] [Thread-1 (]: Sending event: {'category': 'dbt', 'action': 'run_model', 'label': '4c6152b5-76b0-4004-9902-1d15f3881478', 'context': [<snowplow_tracker.self_describing_json.SelfDescribingJson object at 0x000001C3C88141C0>]}
[0m14:50:58.943543 [debug] [Thread-2 (]: On seed.integration_tests.transactions: COMMIT
[0m14:50:58.944543 [info ] [Thread-1 (]: 1 of 2 OK loaded seed file public.contacts ..................................... [[32mINSERT 11[0m in 0.24s]
[0m14:50:58.944543 [debug] [Thread-2 (]: SQL status: COMMIT in 0.0 seconds
[0m14:50:58.945543 [debug] [Thread-1 (]: Finished running node seed.integration_tests.contacts
[0m14:50:58.945543 [debug] [Thread-2 (]: Timing info for seed.integration_tests.transactions (execute): 14:50:58.716514 => 14:50:58.945543
[0m14:50:58.946542 [debug] [Thread-2 (]: On seed.integration_tests.transactions: Close
[0m14:50:58.947542 [debug] [Thread-2 (]: Sending event: {'category': 'dbt', 'action': 'run_model', 'label': '4c6152b5-76b0-4004-9902-1d15f3881478', 'context': [<snowplow_tracker.self_describing_json.SelfDescribingJson object at 0x000001C3C8B38C10>]}
[0m14:50:58.947542 [info ] [Thread-2 (]: 2 of 2 OK loaded seed file public.transactions ................................. [[32mINSERT 102[0m in 0.24s]
[0m14:50:58.948542 [debug] [Thread-2 (]: Finished running node seed.integration_tests.transactions
[0m14:50:58.949542 [debug] [MainThread]: Using postgres connection "master"
[0m14:50:58.949542 [debug] [MainThread]: On master: BEGIN
[0m14:50:58.949542 [debug] [MainThread]: Opening a new connection, currently in state closed
[0m14:50:58.999545 [debug] [MainThread]: SQL status: BEGIN in 0.0 seconds
[0m14:50:58.999545 [debug] [MainThread]: On master: COMMIT
[0m14:50:59.000545 [debug] [MainThread]: Using postgres connection "master"
[0m14:50:59.000545 [debug] [MainThread]: On master: COMMIT
[0m14:50:59.000545 [debug] [MainThread]: SQL status: COMMIT in 0.0 seconds
[0m14:50:59.001545 [debug] [MainThread]: On master: Close
[0m14:50:59.001545 [debug] [MainThread]: Connection 'master' was properly closed.
[0m14:50:59.002545 [debug] [MainThread]: Connection 'list_dbt' was properly closed.
[0m14:50:59.002545 [debug] [MainThread]: Connection 'list_dbt_public' was properly closed.
[0m14:50:59.002545 [debug] [MainThread]: Connection 'seed.integration_tests.contacts' was properly closed.
[0m14:50:59.002545 [debug] [MainThread]: Connection 'seed.integration_tests.transactions' was properly closed.
[0m14:50:59.003545 [info ] [MainThread]: 
[0m14:50:59.003545 [info ] [MainThread]: Finished running 2 seeds in 0 hours 0 minutes and 0.48 seconds (0.48s).
[0m14:50:59.004545 [debug] [MainThread]: Command end result
[0m14:50:59.010545 [info ] [MainThread]: 
[0m14:50:59.011545 [info ] [MainThread]: [32mCompleted successfully[0m
[0m14:50:59.011545 [info ] [MainThread]: 
[0m14:50:59.012545 [info ] [MainThread]: Done. PASS=2 WARN=0 ERROR=0 SKIP=0 TOTAL=2
[0m14:50:59.013048 [debug] [MainThread]: Command `dbt seed` succeeded at 14:50:59.013048 after 1.91 seconds
[0m14:50:59.013048 [debug] [MainThread]: Sending event: {'category': 'dbt', 'action': 'invocation', 'label': 'end', 'context': [<snowplow_tracker.self_describing_json.SelfDescribingJson object at 0x000001C3C5074400>, <snowplow_tracker.self_describing_json.SelfDescribingJson object at 0x000001C3C88141C0>, <snowplow_tracker.self_describing_json.SelfDescribingJson object at 0x000001C3C8A4C3D0>]}
[0m14:50:59.014051 [debug] [MainThread]: Flushing usage events
[0m14:51:24.176973 [debug] [MainThread]: Sending event: {'category': 'dbt', 'action': 'invocation', 'label': 'start', 'context': [<snowplow_tracker.self_describing_json.SelfDescribingJson object at 0x000001E99FF44400>, <snowplow_tracker.self_describing_json.SelfDescribingJson object at 0x000001E9A323AB90>, <snowplow_tracker.self_describing_json.SelfDescribingJson object at 0x000001E9A323A920>]}


============================== 14:51:24.179971 | 2fa63a5f-3852-4337-baad-b6d425277112 ==============================
[0m14:51:24.179971 [info ] [MainThread]: Running with dbt=1.7.2
[0m14:51:24.179971 [debug] [MainThread]: running dbt with arguments {'printer_width': '80', 'indirect_selection': 'eager', 'log_cache_events': 'False', 'write_json': 'True', 'partial_parse': 'True', 'cache_selected_only': 'False', 'warn_error': 'None', 'debug': 'False', 'version_check': 'True', 'log_path': 'C:\\Users\\Samuel\\Desktop\\customer360\\integration_tests\\logs', 'fail_fast': 'False', 'profiles_dir': 'C:\\Users\\Samuel\\Desktop\\customer360\\integration_tests', 'use_colors': 'True', 'use_experimental_parser': 'False', 'no_print': 'None', 'quiet': 'False', 'warn_error_options': 'WarnErrorOptions(include=[], exclude=[])', 'introspect': 'True', 'log_format': 'default', 'invocation_command': 'dbt clean', 'target_path': 'None', 'static_parser': 'True', 'send_anonymous_usage_stats': 'True'}
[0m14:51:24.246481 [debug] [MainThread]: Sending event: {'category': 'dbt', 'action': 'project_id', 'label': '2fa63a5f-3852-4337-baad-b6d425277112', 'context': [<snowplow_tracker.self_describing_json.SelfDescribingJson object at 0x000001E9A323ABF0>]}
[0m14:51:25.112111 [debug] [MainThread]: Command `dbt clean` succeeded at 14:51:25.112111 after 0.97 seconds
[0m14:51:25.113112 [debug] [MainThread]: Sending event: {'category': 'dbt', 'action': 'invocation', 'label': 'end', 'context': [<snowplow_tracker.self_describing_json.SelfDescribingJson object at 0x000001E99FF44400>, <snowplow_tracker.self_describing_json.SelfDescribingJson object at 0x000001E9A32935E0>, <snowplow_tracker.self_describing_json.SelfDescribingJson object at 0x000001E9A31ABBE0>]}
[0m14:51:25.113112 [debug] [MainThread]: Flushing usage events
[0m14:51:39.842730 [debug] [MainThread]: Sending event: {'category': 'dbt', 'action': 'invocation', 'label': 'start', 'context': [<snowplow_tracker.self_describing_json.SelfDescribingJson object at 0x000002801CBC6AA0>, <snowplow_tracker.self_describing_json.SelfDescribingJson object at 0x000002801FEC2DD0>, <snowplow_tracker.self_describing_json.SelfDescribingJson object at 0x000002801FEC2B60>]}


============================== 14:51:39.845780 | 543031ae-e66a-4e6e-b09b-952668fb6dc9 ==============================
[0m14:51:39.845780 [info ] [MainThread]: Running with dbt=1.7.2
[0m14:51:39.846768 [debug] [MainThread]: running dbt with arguments {'printer_width': '80', 'indirect_selection': 'eager', 'log_cache_events': 'False', 'write_json': 'True', 'partial_parse': 'True', 'cache_selected_only': 'False', 'profiles_dir': 'C:\\Users\\Samuel\\Desktop\\customer360\\integration_tests', 'fail_fast': 'False', 'version_check': 'True', 'log_path': 'C:\\Users\\Samuel\\Desktop\\customer360\\integration_tests\\logs', 'debug': 'False', 'warn_error': 'None', 'use_colors': 'True', 'use_experimental_parser': 'False', 'no_print': 'None', 'quiet': 'False', 'log_format': 'default', 'invocation_command': 'dbt build', 'introspect': 'True', 'static_parser': 'True', 'target_path': 'None', 'warn_error_options': 'WarnErrorOptions(include=[], exclude=[])', 'send_anonymous_usage_stats': 'True'}
[0m14:51:39.965249 [debug] [MainThread]: Sending event: {'category': 'dbt', 'action': 'project_id', 'label': '543031ae-e66a-4e6e-b09b-952668fb6dc9', 'context': [<snowplow_tracker.self_describing_json.SelfDescribingJson object at 0x0000028018B52E00>]}
[0m14:51:40.021249 [debug] [MainThread]: Sending event: {'category': 'dbt', 'action': 'adapter_info', 'label': '543031ae-e66a-4e6e-b09b-952668fb6dc9', 'context': [<snowplow_tracker.self_describing_json.SelfDescribingJson object at 0x000002802010BBB0>]}
[0m14:51:40.022249 [info ] [MainThread]: Registered adapter: postgres=1.7.2
[0m14:51:40.023249 [error] [MainThread]: Encountered an error:
Compilation Error
  dbt found 1 package(s) specified in packages.yml, but only 0 package(s) installed in dbt_packages. Run "dbt deps" to install package dependencies.
[0m14:51:40.024249 [debug] [MainThread]: Command `dbt build` failed at 14:51:40.024249 after 0.23 seconds
[0m14:51:40.024249 [debug] [MainThread]: Sending event: {'category': 'dbt', 'action': 'invocation', 'label': 'end', 'context': [<snowplow_tracker.self_describing_json.SelfDescribingJson object at 0x000002801CBC6AA0>, <snowplow_tracker.self_describing_json.SelfDescribingJson object at 0x000002802010A7D0>, <snowplow_tracker.self_describing_json.SelfDescribingJson object at 0x0000028020109A20>]}
[0m14:51:40.024249 [debug] [MainThread]: Flushing usage events
[0m14:51:56.581142 [debug] [MainThread]: Sending event: {'category': 'dbt', 'action': 'invocation', 'label': 'start', 'context': [<snowplow_tracker.self_describing_json.SelfDescribingJson object at 0x000001D60A4D4580>, <snowplow_tracker.self_describing_json.SelfDescribingJson object at 0x000001D60D7CABC0>, <snowplow_tracker.self_describing_json.SelfDescribingJson object at 0x000001D60D7CA950>]}


============================== 14:51:56.584142 | b2c1ab68-d4d0-4adb-8a84-847e14914495 ==============================
[0m14:51:56.584142 [info ] [MainThread]: Running with dbt=1.7.2
[0m14:51:56.585143 [debug] [MainThread]: running dbt with arguments {'printer_width': '80', 'indirect_selection': 'eager', 'log_cache_events': 'False', 'write_json': 'True', 'partial_parse': 'True', 'cache_selected_only': 'False', 'profiles_dir': 'C:\\Users\\Samuel\\Desktop\\customer360\\integration_tests', 'fail_fast': 'False', 'warn_error': 'None', 'log_path': 'C:\\Users\\Samuel\\Desktop\\customer360\\integration_tests\\logs', 'debug': 'False', 'version_check': 'True', 'use_colors': 'True', 'use_experimental_parser': 'False', 'no_print': 'None', 'quiet': 'False', 'warn_error_options': 'WarnErrorOptions(include=[], exclude=[])', 'introspect': 'True', 'invocation_command': 'dbt deps', 'log_format': 'default', 'target_path': 'None', 'static_parser': 'True', 'send_anonymous_usage_stats': 'True'}
[0m14:51:56.651146 [debug] [MainThread]: Sending event: {'category': 'dbt', 'action': 'project_id', 'label': 'b2c1ab68-d4d0-4adb-8a84-847e14914495', 'context': [<snowplow_tracker.self_describing_json.SelfDescribingJson object at 0x000001D60D7CAC20>]}
[0m14:51:56.653148 [debug] [MainThread]: Set downloads directory='C:\Users\Samuel\AppData\Local\Temp\dbt-downloads-n8fu7w2e'
[0m14:51:56.654147 [info ] [MainThread]: Installing ../
[0m14:51:56.655654 [debug] [MainThread]: Creating symlink to local dependency.
[0m14:51:56.655654 [debug] [MainThread]: Symlinks are not available on this OS, copying dependency.
[0m14:51:59.866336 [error] [MainThread]: Encountered an error:
[('C:\\Users\\Samuel\\Desktop\\customer360\\integration_tests\\dbt_packages\\customer360\\integration_tests\\dbt_packages\\customer360\\integration_tests\\dbt_packages\\customer360\\integration_tests\\dbt_packages\\customer360', 'dbt_packages\\customer360\\integration_tests\\dbt_packages\\customer360\\integration_tests\\dbt_packages\\customer360\\integration_tests\\dbt_packages\\customer360\\integration_tests\\dbt_packages\\customer360', "[WinError 206] The filename or extension is too long: 'dbt_packages\\\\customer360\\\\integration_tests\\\\dbt_packages\\\\customer360\\\\integration_tests\\\\dbt_packages\\\\customer360\\\\integration_tests\\\\dbt_packages\\\\customer360\\\\integration_tests\\\\dbt_packages\\\\customer360'")]
[0m14:51:59.868336 [error] [MainThread]: Traceback (most recent call last):
  File "C:\Users\Samuel\Desktop\customer360\integration_tests\venv\lib\site-packages\dbt\deps\local.py", line 67, in install
    system.make_symlink(src_path, dest_path)
  File "C:\Users\Samuel\Desktop\customer360\integration_tests\venv\lib\site-packages\dbt\clients\system.py", line 158, in make_symlink
    os.symlink(source, link_path)
OSError: [WinError 1314] A required privilege is not held by the client: 'C:\\Users\\Samuel\\Desktop\\customer360' -> 'dbt_packages\\customer360'

During handling of the above exception, another exception occurred:

Traceback (most recent call last):
  File "C:\Users\Samuel\Desktop\customer360\integration_tests\venv\lib\site-packages\dbt\cli\requires.py", line 90, in wrapper
    result, success = func(*args, **kwargs)
  File "C:\Users\Samuel\Desktop\customer360\integration_tests\venv\lib\site-packages\dbt\cli\requires.py", line 75, in wrapper
    return func(*args, **kwargs)
  File "C:\Users\Samuel\Desktop\customer360\integration_tests\venv\lib\site-packages\dbt\cli\requires.py", line 151, in wrapper
    return func(*args, **kwargs)
  File "C:\Users\Samuel\Desktop\customer360\integration_tests\venv\lib\site-packages\dbt\cli\requires.py", line 197, in wrapper
    return func(*args, **kwargs)
  File "C:\Users\Samuel\Desktop\customer360\integration_tests\venv\lib\site-packages\dbt\cli\main.py", line 492, in deps
    results = task.run()
  File "C:\Users\Samuel\Desktop\customer360\integration_tests\venv\lib\site-packages\dbt\task\deps.py", line 252, in run
    package.install(self.project, renderer)
  File "C:\Users\Samuel\Desktop\customer360\integration_tests\venv\lib\site-packages\dbt\deps\local.py", line 70, in install
    shutil.copytree(src_path, dest_path)
  File "C:\Python\lib\shutil.py", line 559, in copytree
    return _copytree(entries=entries, src=src, dst=dst, symlinks=symlinks,
  File "C:\Python\lib\shutil.py", line 513, in _copytree
    raise Error(errors)
shutil.Error: [('C:\\Users\\Samuel\\Desktop\\customer360\\integration_tests\\dbt_packages\\customer360\\integration_tests\\dbt_packages\\customer360\\integration_tests\\dbt_packages\\customer360\\integration_tests\\dbt_packages\\customer360', 'dbt_packages\\customer360\\integration_tests\\dbt_packages\\customer360\\integration_tests\\dbt_packages\\customer360\\integration_tests\\dbt_packages\\customer360\\integration_tests\\dbt_packages\\customer360', "[WinError 206] The filename or extension is too long: 'dbt_packages\\\\customer360\\\\integration_tests\\\\dbt_packages\\\\customer360\\\\integration_tests\\\\dbt_packages\\\\customer360\\\\integration_tests\\\\dbt_packages\\\\customer360\\\\integration_tests\\\\dbt_packages\\\\customer360'")]

[0m14:51:59.870337 [debug] [MainThread]: Command `dbt deps` failed at 14:51:59.870337 after 3.33 seconds
[0m14:51:59.870337 [debug] [MainThread]: Sending event: {'category': 'dbt', 'action': 'invocation', 'label': 'end', 'context': [<snowplow_tracker.self_describing_json.SelfDescribingJson object at 0x000001D60A4D4580>, <snowplow_tracker.self_describing_json.SelfDescribingJson object at 0x000001D60D7CACB0>, <snowplow_tracker.self_describing_json.SelfDescribingJson object at 0x000001D60D857820>]}
[0m14:51:59.871335 [debug] [MainThread]: Flushing usage events
[0m14:52:15.039154 [debug] [MainThread]: Sending event: {'category': 'dbt', 'action': 'invocation', 'label': 'start', 'context': [<snowplow_tracker.self_describing_json.SelfDescribingJson object at 0x00000198FFA84580>, <snowplow_tracker.self_describing_json.SelfDescribingJson object at 0x0000019882EEACE0>, <snowplow_tracker.self_describing_json.SelfDescribingJson object at 0x0000019882EEAA70>]}


============================== 14:52:15.043155 | e9d1782c-893b-4ddc-8c25-8b50a44d7c63 ==============================
[0m14:52:15.043155 [info ] [MainThread]: Running with dbt=1.7.2
[0m14:52:15.043155 [debug] [MainThread]: running dbt with arguments {'printer_width': '80', 'indirect_selection': 'eager', 'write_json': 'True', 'log_cache_events': 'False', 'partial_parse': 'True', 'cache_selected_only': 'False', 'profiles_dir': 'C:\\Users\\Samuel\\Desktop\\customer360\\integration_tests', 'version_check': 'True', 'fail_fast': 'False', 'log_path': 'C:\\Users\\Samuel\\Desktop\\customer360\\integration_tests\\logs', 'debug': 'False', 'warn_error': 'None', 'use_colors': 'True', 'use_experimental_parser': 'False', 'no_print': 'None', 'quiet': 'False', 'warn_error_options': 'WarnErrorOptions(include=[], exclude=[])', 'static_parser': 'True', 'log_format': 'default', 'introspect': 'True', 'target_path': 'None', 'invocation_command': 'dbt seed', 'send_anonymous_usage_stats': 'True'}
[0m14:52:15.164375 [debug] [MainThread]: Sending event: {'category': 'dbt', 'action': 'project_id', 'label': 'e9d1782c-893b-4ddc-8c25-8b50a44d7c63', 'context': [<snowplow_tracker.self_describing_json.SelfDescribingJson object at 0x0000019882EEAD10>]}
[0m14:52:15.225976 [debug] [MainThread]: Sending event: {'category': 'dbt', 'action': 'adapter_info', 'label': 'e9d1782c-893b-4ddc-8c25-8b50a44d7c63', 'context': [<snowplow_tracker.self_describing_json.SelfDescribingJson object at 0x0000019882EA1240>]}
[0m14:52:15.226977 [info ] [MainThread]: Registered adapter: postgres=1.7.2
[0m14:52:15.236976 [debug] [MainThread]: checksum: 61e99fc04fd80d06ce91efefd25c0802dcce8a048167599a1a188233d6ce8ed9, vars: {}, profile: , target: , version: 1.7.2
[0m14:52:15.236976 [info ] [MainThread]: Unable to do partial parsing because saved manifest not found. Starting full parse.
[0m14:52:15.237976 [debug] [MainThread]: Sending event: {'category': 'dbt', 'action': 'partial_parser', 'label': 'e9d1782c-893b-4ddc-8c25-8b50a44d7c63', 'context': [<snowplow_tracker.self_describing_json.SelfDescribingJson object at 0x000001988315E0E0>]}
[0m14:52:15.984447 [debug] [MainThread]: Sending event: {'category': 'dbt', 'action': 'load_project', 'label': 'e9d1782c-893b-4ddc-8c25-8b50a44d7c63', 'context': [<snowplow_tracker.self_describing_json.SelfDescribingJson object at 0x000001988384C0D0>]}
[0m14:52:16.030900 [debug] [MainThread]: Sending event: {'category': 'dbt', 'action': 'resource_counts', 'label': 'e9d1782c-893b-4ddc-8c25-8b50a44d7c63', 'context': [<snowplow_tracker.self_describing_json.SelfDescribingJson object at 0x00000198836BDC90>]}
[0m14:52:16.030900 [info ] [MainThread]: Found 2 seeds, 4 models, 7 tests, 2 sources, 0 exposures, 0 metrics, 403 macros, 0 groups, 0 semantic models
[0m14:52:16.031900 [debug] [MainThread]: Sending event: {'category': 'dbt', 'action': 'runnable_timing', 'label': 'e9d1782c-893b-4ddc-8c25-8b50a44d7c63', 'context': [<snowplow_tracker.self_describing_json.SelfDescribingJson object at 0x00000198836BD630>]}
[0m14:52:16.032900 [info ] [MainThread]: 
[0m14:52:16.033900 [debug] [MainThread]: Acquiring new postgres connection 'master'
[0m14:52:16.034900 [debug] [ThreadPool]: Acquiring new postgres connection 'list_dbt'
[0m14:52:16.040901 [debug] [ThreadPool]: Using postgres connection "list_dbt"
[0m14:52:16.041901 [debug] [ThreadPool]: On list_dbt: /* {"app": "dbt", "dbt_version": "1.7.2", "profile_name": "integration_tests", "target_name": "local", "connection_name": "list_dbt"} */

    select distinct nspname from pg_namespace
  
[0m14:52:16.041901 [debug] [ThreadPool]: Opening a new connection, currently in state init
[0m14:52:16.111840 [debug] [ThreadPool]: SQL status: SELECT 4 in 0.0 seconds
[0m14:52:16.112840 [debug] [ThreadPool]: On list_dbt: Close
[0m14:52:16.114840 [debug] [ThreadPool]: Acquiring new postgres connection 'list_dbt_public'
[0m14:52:16.118840 [debug] [ThreadPool]: Using postgres connection "list_dbt_public"
[0m14:52:16.118840 [debug] [ThreadPool]: On list_dbt_public: BEGIN
[0m14:52:16.118840 [debug] [ThreadPool]: Opening a new connection, currently in state init
[0m14:52:16.190391 [debug] [ThreadPool]: SQL status: BEGIN in 0.0 seconds
[0m14:52:16.191391 [debug] [ThreadPool]: Using postgres connection "list_dbt_public"
[0m14:52:16.191391 [debug] [ThreadPool]: On list_dbt_public: /* {"app": "dbt", "dbt_version": "1.7.2", "profile_name": "integration_tests", "target_name": "local", "connection_name": "list_dbt_public"} */
select
      'dbt' as database,
      tablename as name,
      schemaname as schema,
      'table' as type
    from pg_tables
    where schemaname ilike 'public'
    union all
    select
      'dbt' as database,
      viewname as name,
      schemaname as schema,
      'view' as type
    from pg_views
    where schemaname ilike 'public'
    union all
    select
      'dbt' as database,
      matviewname as name,
      schemaname as schema,
      'materialized_view' as type
    from pg_matviews
    where schemaname ilike 'public'
  
[0m14:52:16.194391 [debug] [ThreadPool]: SQL status: SELECT 2 in 0.0 seconds
[0m14:52:16.194391 [debug] [ThreadPool]: On list_dbt_public: ROLLBACK
[0m14:52:16.195391 [debug] [ThreadPool]: On list_dbt_public: Close
[0m14:52:16.199391 [debug] [MainThread]: Using postgres connection "master"
[0m14:52:16.199391 [debug] [MainThread]: On master: BEGIN
[0m14:52:16.199391 [debug] [MainThread]: Opening a new connection, currently in state init
[0m14:52:16.300178 [debug] [MainThread]: SQL status: BEGIN in 0.0 seconds
[0m14:52:16.300178 [debug] [MainThread]: Using postgres connection "master"
[0m14:52:16.301170 [debug] [MainThread]: On master: /* {"app": "dbt", "dbt_version": "1.7.2", "profile_name": "integration_tests", "target_name": "local", "connection_name": "master"} */
with relation as (
        select
            pg_rewrite.ev_class as class,
            pg_rewrite.oid as id
        from pg_rewrite
    ),
    class as (
        select
            oid as id,
            relname as name,
            relnamespace as schema,
            relkind as kind
        from pg_class
    ),
    dependency as (
        select distinct
            pg_depend.objid as id,
            pg_depend.refobjid as ref
        from pg_depend
    ),
    schema as (
        select
            pg_namespace.oid as id,
            pg_namespace.nspname as name
        from pg_namespace
        where nspname != 'information_schema' and nspname not like 'pg\_%'
    ),
    referenced as (
        select
            relation.id AS id,
            referenced_class.name ,
            referenced_class.schema ,
            referenced_class.kind
        from relation
        join class as referenced_class on relation.class=referenced_class.id
        where referenced_class.kind in ('r', 'v', 'm')
    ),
    relationships as (
        select
            referenced.name as referenced_name,
            referenced.schema as referenced_schema_id,
            dependent_class.name as dependent_name,
            dependent_class.schema as dependent_schema_id,
            referenced.kind as kind
        from referenced
        join dependency on referenced.id=dependency.id
        join class as dependent_class on dependency.ref=dependent_class.id
        where
            (referenced.name != dependent_class.name or
             referenced.schema != dependent_class.schema)
    )

    select
        referenced_schema.name as referenced_schema,
        relationships.referenced_name as referenced_name,
        dependent_schema.name as dependent_schema,
        relationships.dependent_name as dependent_name
    from relationships
    join schema as dependent_schema on relationships.dependent_schema_id=dependent_schema.id
    join schema as referenced_schema on relationships.referenced_schema_id=referenced_schema.id
    group by referenced_schema, referenced_name, dependent_schema, dependent_name
    order by referenced_schema, referenced_name, dependent_schema, dependent_name;
[0m14:52:16.303178 [debug] [MainThread]: SQL status: SELECT 0 in 0.0 seconds
[0m14:52:16.304170 [debug] [MainThread]: Sending event: {'category': 'dbt', 'action': 'runnable_timing', 'label': 'e9d1782c-893b-4ddc-8c25-8b50a44d7c63', 'context': [<snowplow_tracker.self_describing_json.SelfDescribingJson object at 0x00000198837C67D0>]}
[0m14:52:16.305174 [debug] [MainThread]: On master: ROLLBACK
[0m14:52:16.305174 [debug] [MainThread]: Using postgres connection "master"
[0m14:52:16.306170 [debug] [MainThread]: On master: BEGIN
[0m14:52:16.306170 [debug] [MainThread]: SQL status: BEGIN in 0.0 seconds
[0m14:52:16.306170 [debug] [MainThread]: On master: COMMIT
[0m14:52:16.307175 [debug] [MainThread]: Using postgres connection "master"
[0m14:52:16.307175 [debug] [MainThread]: On master: COMMIT
[0m14:52:16.307175 [debug] [MainThread]: SQL status: COMMIT in 0.0 seconds
[0m14:52:16.308175 [debug] [MainThread]: On master: Close
[0m14:52:16.308175 [info ] [MainThread]: Concurrency: 3 threads (target='local')
[0m14:52:16.309176 [info ] [MainThread]: 
[0m14:52:16.311180 [debug] [Thread-1 (]: Began running node seed.integration_tests.contacts
[0m14:52:16.311180 [debug] [Thread-2 (]: Began running node seed.integration_tests.transactions
[0m14:52:16.312171 [info ] [Thread-1 (]: 1 of 2 START seed file public.contacts ......................................... [RUN]
[0m14:52:16.313178 [debug] [Thread-1 (]: Acquiring new postgres connection 'seed.integration_tests.contacts'
[0m14:52:16.312171 [info ] [Thread-2 (]: 2 of 2 START seed file public.transactions ..................................... [RUN]
[0m14:52:16.313178 [debug] [Thread-1 (]: Began compiling node seed.integration_tests.contacts
[0m14:52:16.314140 [debug] [Thread-2 (]: Acquiring new postgres connection 'seed.integration_tests.transactions'
[0m14:52:16.314140 [debug] [Thread-1 (]: Timing info for seed.integration_tests.contacts (compile): 14:52:16.314140 => 14:52:16.314140
[0m14:52:16.315139 [debug] [Thread-2 (]: Began compiling node seed.integration_tests.transactions
[0m14:52:16.315139 [debug] [Thread-1 (]: Began executing node seed.integration_tests.contacts
[0m14:52:16.315139 [debug] [Thread-2 (]: Timing info for seed.integration_tests.transactions (compile): 14:52:16.315139 => 14:52:16.315139
[0m14:52:16.326141 [debug] [Thread-2 (]: Began executing node seed.integration_tests.transactions
[0m14:52:16.336140 [debug] [Thread-1 (]: Using postgres connection "seed.integration_tests.contacts"
[0m14:52:16.338392 [debug] [Thread-1 (]: On seed.integration_tests.contacts: BEGIN
[0m14:52:16.341396 [debug] [Thread-2 (]: Using postgres connection "seed.integration_tests.transactions"
[0m14:52:16.341396 [debug] [Thread-1 (]: Opening a new connection, currently in state init
[0m14:52:16.341396 [debug] [Thread-2 (]: On seed.integration_tests.transactions: BEGIN
[0m14:52:16.342395 [debug] [Thread-2 (]: Opening a new connection, currently in state init
[0m14:52:16.396399 [debug] [Thread-1 (]: SQL status: BEGIN in 0.0 seconds
[0m14:52:16.397400 [debug] [Thread-1 (]: Using postgres connection "seed.integration_tests.contacts"
[0m14:52:16.397400 [debug] [Thread-1 (]: On seed.integration_tests.contacts: /* {"app": "dbt", "dbt_version": "1.7.2", "profile_name": "integration_tests", "target_name": "local", "node_id": "seed.integration_tests.contacts"} */
truncate table "dbt"."public"."contacts"
[0m14:52:16.403403 [debug] [Thread-1 (]: SQL status: TRUNCATE TABLE in 0.0 seconds
[0m14:52:16.425399 [debug] [Thread-1 (]: Using postgres connection "seed.integration_tests.contacts"
[0m14:52:16.426400 [debug] [Thread-1 (]: On seed.integration_tests.contacts: 
          insert into "dbt"."public"."contacts" ("id", "username", "name", "gender", "address", "mail", "birthdate", "_loaded_at_utc") values
          (%s,%s,%s,%s,%s,%s,%s,%s),(%s,%s,%s,%s,%s,%s,%s,%s),(%s,%s,%s,%s,%s,%s,%s,%s),(%s,%s,%s,%s,%s,%s,%s,%s),(%s,%s,%s,%s,%s,%s,%s,%s),(%s,%s,%s,%s,%s,%s,%s,%s),(%s,%s,%s,%s,%s,%s,%s,%s),(%s,%s,%s,%s,%s,%s,%s,%s),(%s,%s,%s,%s,%s,%s,%s,%s),(%s,%s,%s,%s,%s,%s,%s,%s),(%s,%s,%s,%s,%s,%s,%s,%s)
      ...
[0m14:52:16.427399 [debug] [Thread-1 (]: SQL status: INSERT 0 11 in 0.0 seconds
[0m14:52:16.427399 [debug] [Thread-2 (]: SQL status: BEGIN in 0.0 seconds
[0m14:52:16.431399 [debug] [Thread-1 (]: Writing runtime SQL for node "seed.integration_tests.contacts"
[0m14:52:16.431399 [debug] [Thread-2 (]: Using postgres connection "seed.integration_tests.transactions"
[0m14:52:16.441399 [debug] [Thread-1 (]: On seed.integration_tests.contacts: COMMIT
[0m14:52:16.441399 [debug] [Thread-2 (]: On seed.integration_tests.transactions: /* {"app": "dbt", "dbt_version": "1.7.2", "profile_name": "integration_tests", "target_name": "local", "node_id": "seed.integration_tests.transactions"} */
truncate table "dbt"."public"."transactions"
[0m14:52:16.441399 [debug] [Thread-1 (]: Using postgres connection "seed.integration_tests.contacts"
[0m14:52:16.442399 [debug] [Thread-1 (]: On seed.integration_tests.contacts: COMMIT
[0m14:52:16.443400 [debug] [Thread-1 (]: SQL status: COMMIT in 0.0 seconds
[0m14:52:16.444400 [debug] [Thread-1 (]: Timing info for seed.integration_tests.contacts (execute): 14:52:16.316139 => 14:52:16.444400
[0m14:52:16.444400 [debug] [Thread-1 (]: On seed.integration_tests.contacts: Close
[0m14:52:16.445400 [debug] [Thread-1 (]: Sending event: {'category': 'dbt', 'action': 'run_model', 'label': 'e9d1782c-893b-4ddc-8c25-8b50a44d7c63', 'context': [<snowplow_tracker.self_describing_json.SelfDescribingJson object at 0x0000019883320820>]}
[0m14:52:16.445400 [info ] [Thread-1 (]: 1 of 2 OK loaded seed file public.contacts ..................................... [[32mINSERT 11[0m in 0.13s]
[0m14:52:16.446399 [debug] [Thread-1 (]: Finished running node seed.integration_tests.contacts
[0m14:52:16.447399 [debug] [Thread-2 (]: SQL status: TRUNCATE TABLE in 0.0 seconds
[0m14:52:16.547349 [debug] [Thread-2 (]: Using postgres connection "seed.integration_tests.transactions"
[0m14:52:16.547349 [debug] [Thread-2 (]: On seed.integration_tests.transactions: 
          insert into "dbt"."public"."transactions" ("contact_id", "id", "transaction_date", "amount", "item_count", "category", "_loaded_at_utc") values
          (%s,%s,%s,%s,%s,%s,%s),(%s,%s,%s,%s,%s,%s,%s),(%s,%s,%s,%s,%s,%s,%s),(%s,%s,%s,%s,%s,%s,%s),(%s,%s,%s,%s,%s,%s,%s),(%s,%s,%s,%s,%s,%s,%s),(%s,%s,%s,%s,%s,%s,%s),(%s,%s,%s,%s,%s,%s,%s),(%s,%s,%s,%s,%s,%s,%s),(%s,%s,%s,%s,%s,%s,%s),(%s,%s,%s,%s,%s,%s,%s),(%s,%s,%s,%s,%s,%s,%s),(%s,%s,%s,%s,%s,%s,%s),(%s,%s,%s,%s,%s,%s,%s),(%s,%s,%s,%s,%s,%s,%s),(%...
[0m14:52:16.549334 [debug] [Thread-2 (]: SQL status: INSERT 0 102 in 0.0 seconds
[0m14:52:16.550332 [debug] [Thread-2 (]: Writing runtime SQL for node "seed.integration_tests.transactions"
[0m14:52:16.552370 [debug] [Thread-2 (]: On seed.integration_tests.transactions: COMMIT
[0m14:52:16.552370 [debug] [Thread-2 (]: Using postgres connection "seed.integration_tests.transactions"
[0m14:52:16.552370 [debug] [Thread-2 (]: On seed.integration_tests.transactions: COMMIT
[0m14:52:16.554342 [debug] [Thread-2 (]: SQL status: COMMIT in 0.0 seconds
[0m14:52:16.554342 [debug] [Thread-2 (]: Timing info for seed.integration_tests.transactions (execute): 14:52:16.336140 => 14:52:16.554342
[0m14:52:16.555826 [debug] [Thread-2 (]: On seed.integration_tests.transactions: Close
[0m14:52:16.556329 [debug] [Thread-2 (]: Sending event: {'category': 'dbt', 'action': 'run_model', 'label': 'e9d1782c-893b-4ddc-8c25-8b50a44d7c63', 'context': [<snowplow_tracker.self_describing_json.SelfDescribingJson object at 0x000001988354D8D0>]}
[0m14:52:16.557371 [info ] [Thread-2 (]: 2 of 2 OK loaded seed file public.transactions ................................. [[32mINSERT 102[0m in 0.24s]
[0m14:52:16.557371 [debug] [Thread-2 (]: Finished running node seed.integration_tests.transactions
[0m14:52:16.558337 [debug] [MainThread]: Using postgres connection "master"
[0m14:52:16.559336 [debug] [MainThread]: On master: BEGIN
[0m14:52:16.559336 [debug] [MainThread]: Opening a new connection, currently in state closed
[0m14:52:16.623125 [debug] [MainThread]: SQL status: BEGIN in 0.0 seconds
[0m14:52:16.623125 [debug] [MainThread]: On master: COMMIT
[0m14:52:16.624125 [debug] [MainThread]: Using postgres connection "master"
[0m14:52:16.624125 [debug] [MainThread]: On master: COMMIT
[0m14:52:16.624125 [debug] [MainThread]: SQL status: COMMIT in 0.0 seconds
[0m14:52:16.625126 [debug] [MainThread]: On master: Close
[0m14:52:16.625126 [debug] [MainThread]: Connection 'master' was properly closed.
[0m14:52:16.625126 [debug] [MainThread]: Connection 'list_dbt' was properly closed.
[0m14:52:16.626125 [debug] [MainThread]: Connection 'list_dbt_public' was properly closed.
[0m14:52:16.626125 [debug] [MainThread]: Connection 'seed.integration_tests.contacts' was properly closed.
[0m14:52:16.626125 [debug] [MainThread]: Connection 'seed.integration_tests.transactions' was properly closed.
[0m14:52:16.627125 [info ] [MainThread]: 
[0m14:52:16.627125 [info ] [MainThread]: Finished running 2 seeds in 0 hours 0 minutes and 0.59 seconds (0.59s).
[0m14:52:16.628128 [debug] [MainThread]: Command end result
[0m14:52:16.634124 [info ] [MainThread]: 
[0m14:52:16.635124 [info ] [MainThread]: [32mCompleted successfully[0m
[0m14:52:16.635124 [info ] [MainThread]: 
[0m14:52:16.636124 [info ] [MainThread]: Done. PASS=2 WARN=0 ERROR=0 SKIP=0 TOTAL=2
[0m14:52:16.636124 [debug] [MainThread]: Command `dbt seed` succeeded at 14:52:16.636124 after 1.64 seconds
[0m14:52:16.637124 [debug] [MainThread]: Sending event: {'category': 'dbt', 'action': 'invocation', 'label': 'end', 'context': [<snowplow_tracker.self_describing_json.SelfDescribingJson object at 0x00000198FFA84580>, <snowplow_tracker.self_describing_json.SelfDescribingJson object at 0x0000019882EA1240>, <snowplow_tracker.self_describing_json.SelfDescribingJson object at 0x00000198837FB5B0>]}
[0m14:52:16.637124 [debug] [MainThread]: Flushing usage events
[0m14:52:24.451658 [debug] [MainThread]: Sending event: {'category': 'dbt', 'action': 'invocation', 'label': 'start', 'context': [<snowplow_tracker.self_describing_json.SelfDescribingJson object at 0x000002752F867220>, <snowplow_tracker.self_describing_json.SelfDescribingJson object at 0x0000027532B62E00>, <snowplow_tracker.self_describing_json.SelfDescribingJson object at 0x0000027532B62B90>]}


============================== 14:52:24.454627 | 5d2f9ca7-a8d2-40d7-8a1b-42878ba2de8f ==============================
[0m14:52:24.454627 [info ] [MainThread]: Running with dbt=1.7.2
[0m14:52:24.455626 [debug] [MainThread]: running dbt with arguments {'printer_width': '80', 'indirect_selection': 'eager', 'log_cache_events': 'False', 'write_json': 'True', 'partial_parse': 'True', 'cache_selected_only': 'False', 'profiles_dir': 'C:\\Users\\Samuel\\Desktop\\customer360\\integration_tests', 'version_check': 'True', 'debug': 'False', 'log_path': 'C:\\Users\\Samuel\\Desktop\\customer360\\integration_tests\\logs', 'fail_fast': 'False', 'warn_error': 'None', 'use_colors': 'True', 'use_experimental_parser': 'False', 'no_print': 'None', 'quiet': 'False', 'log_format': 'default', 'introspect': 'True', 'warn_error_options': 'WarnErrorOptions(include=[], exclude=[])', 'static_parser': 'True', 'target_path': 'None', 'invocation_command': 'dbt build', 'send_anonymous_usage_stats': 'True'}
[0m14:52:24.576755 [debug] [MainThread]: Sending event: {'category': 'dbt', 'action': 'project_id', 'label': '5d2f9ca7-a8d2-40d7-8a1b-42878ba2de8f', 'context': [<snowplow_tracker.self_describing_json.SelfDescribingJson object at 0x000002752B7E2E00>]}
[0m14:52:24.636591 [debug] [MainThread]: Sending event: {'category': 'dbt', 'action': 'adapter_info', 'label': '5d2f9ca7-a8d2-40d7-8a1b-42878ba2de8f', 'context': [<snowplow_tracker.self_describing_json.SelfDescribingJson object at 0x0000027532DA8880>]}
[0m14:52:24.637592 [info ] [MainThread]: Registered adapter: postgres=1.7.2
[0m14:52:24.647731 [debug] [MainThread]: checksum: 61e99fc04fd80d06ce91efefd25c0802dcce8a048167599a1a188233d6ce8ed9, vars: {}, profile: , target: , version: 1.7.2
[0m14:52:24.731036 [debug] [MainThread]: Partial parsing enabled: 0 files deleted, 0 files added, 0 files changed.
[0m14:52:24.732003 [debug] [MainThread]: Partial parsing enabled, no changes found, skipping parsing
[0m14:52:24.736003 [debug] [MainThread]: Sending event: {'category': 'dbt', 'action': 'load_project', 'label': '5d2f9ca7-a8d2-40d7-8a1b-42878ba2de8f', 'context': [<snowplow_tracker.self_describing_json.SelfDescribingJson object at 0x0000027532FD80D0>]}
[0m14:52:24.743536 [debug] [MainThread]: Sending event: {'category': 'dbt', 'action': 'resource_counts', 'label': '5d2f9ca7-a8d2-40d7-8a1b-42878ba2de8f', 'context': [<snowplow_tracker.self_describing_json.SelfDescribingJson object at 0x0000027532EE4B50>]}
[0m14:52:24.743536 [info ] [MainThread]: Found 2 seeds, 4 models, 7 tests, 2 sources, 0 exposures, 0 metrics, 403 macros, 0 groups, 0 semantic models
[0m14:52:24.745536 [info ] [MainThread]: 
[0m14:52:24.745536 [debug] [MainThread]: Acquiring new postgres connection 'master'
[0m14:52:24.747536 [debug] [ThreadPool]: Acquiring new postgres connection 'list_dbt'
[0m14:52:24.753536 [debug] [ThreadPool]: Using postgres connection "list_dbt"
[0m14:52:24.754536 [debug] [ThreadPool]: On list_dbt: /* {"app": "dbt", "dbt_version": "1.7.2", "profile_name": "integration_tests", "target_name": "local", "connection_name": "list_dbt"} */

    select distinct nspname from pg_namespace
  
[0m14:52:24.754536 [debug] [ThreadPool]: Opening a new connection, currently in state init
[0m14:52:24.825083 [debug] [ThreadPool]: SQL status: SELECT 4 in 0.0 seconds
[0m14:52:24.826083 [debug] [ThreadPool]: On list_dbt: Close
[0m14:52:24.828046 [debug] [ThreadPool]: Acquiring new postgres connection 'list_dbt_public'
[0m14:52:24.832046 [debug] [ThreadPool]: Using postgres connection "list_dbt_public"
[0m14:52:24.832046 [debug] [ThreadPool]: On list_dbt_public: BEGIN
[0m14:52:24.832046 [debug] [ThreadPool]: Opening a new connection, currently in state init
[0m14:52:24.982175 [debug] [ThreadPool]: SQL status: BEGIN in 0.0 seconds
[0m14:52:24.982175 [debug] [ThreadPool]: Using postgres connection "list_dbt_public"
[0m14:52:24.982175 [debug] [ThreadPool]: On list_dbt_public: /* {"app": "dbt", "dbt_version": "1.7.2", "profile_name": "integration_tests", "target_name": "local", "connection_name": "list_dbt_public"} */
select
      'dbt' as database,
      tablename as name,
      schemaname as schema,
      'table' as type
    from pg_tables
    where schemaname ilike 'public'
    union all
    select
      'dbt' as database,
      viewname as name,
      schemaname as schema,
      'view' as type
    from pg_views
    where schemaname ilike 'public'
    union all
    select
      'dbt' as database,
      matviewname as name,
      schemaname as schema,
      'materialized_view' as type
    from pg_matviews
    where schemaname ilike 'public'
  
[0m14:52:24.985175 [debug] [ThreadPool]: SQL status: SELECT 2 in 0.0 seconds
[0m14:52:24.986174 [debug] [ThreadPool]: On list_dbt_public: ROLLBACK
[0m14:52:24.986174 [debug] [ThreadPool]: On list_dbt_public: Close
[0m14:52:24.989174 [debug] [MainThread]: Using postgres connection "master"
[0m14:52:24.990211 [debug] [MainThread]: On master: BEGIN
[0m14:52:24.990211 [debug] [MainThread]: Opening a new connection, currently in state init
[0m14:52:25.058461 [debug] [MainThread]: SQL status: BEGIN in 0.0 seconds
[0m14:52:25.059927 [debug] [MainThread]: Using postgres connection "master"
[0m14:52:25.060938 [debug] [MainThread]: On master: /* {"app": "dbt", "dbt_version": "1.7.2", "profile_name": "integration_tests", "target_name": "local", "connection_name": "master"} */
with relation as (
        select
            pg_rewrite.ev_class as class,
            pg_rewrite.oid as id
        from pg_rewrite
    ),
    class as (
        select
            oid as id,
            relname as name,
            relnamespace as schema,
            relkind as kind
        from pg_class
    ),
    dependency as (
        select distinct
            pg_depend.objid as id,
            pg_depend.refobjid as ref
        from pg_depend
    ),
    schema as (
        select
            pg_namespace.oid as id,
            pg_namespace.nspname as name
        from pg_namespace
        where nspname != 'information_schema' and nspname not like 'pg\_%'
    ),
    referenced as (
        select
            relation.id AS id,
            referenced_class.name ,
            referenced_class.schema ,
            referenced_class.kind
        from relation
        join class as referenced_class on relation.class=referenced_class.id
        where referenced_class.kind in ('r', 'v', 'm')
    ),
    relationships as (
        select
            referenced.name as referenced_name,
            referenced.schema as referenced_schema_id,
            dependent_class.name as dependent_name,
            dependent_class.schema as dependent_schema_id,
            referenced.kind as kind
        from referenced
        join dependency on referenced.id=dependency.id
        join class as dependent_class on dependency.ref=dependent_class.id
        where
            (referenced.name != dependent_class.name or
             referenced.schema != dependent_class.schema)
    )

    select
        referenced_schema.name as referenced_schema,
        relationships.referenced_name as referenced_name,
        dependent_schema.name as dependent_schema,
        relationships.dependent_name as dependent_name
    from relationships
    join schema as dependent_schema on relationships.dependent_schema_id=dependent_schema.id
    join schema as referenced_schema on relationships.referenced_schema_id=referenced_schema.id
    group by referenced_schema, referenced_name, dependent_schema, dependent_name
    order by referenced_schema, referenced_name, dependent_schema, dependent_name;
[0m14:52:25.063937 [debug] [MainThread]: SQL status: SELECT 0 in 0.0 seconds
[0m14:52:25.064935 [debug] [MainThread]: Sending event: {'category': 'dbt', 'action': 'runnable_timing', 'label': '5d2f9ca7-a8d2-40d7-8a1b-42878ba2de8f', 'context': [<snowplow_tracker.self_describing_json.SelfDescribingJson object at 0x0000027532F8F850>]}
[0m14:52:25.064935 [debug] [MainThread]: On master: ROLLBACK
[0m14:52:25.064935 [debug] [MainThread]: Using postgres connection "master"
[0m14:52:25.065935 [debug] [MainThread]: On master: BEGIN
[0m14:52:25.065935 [debug] [MainThread]: SQL status: BEGIN in 0.0 seconds
[0m14:52:25.065935 [debug] [MainThread]: On master: COMMIT
[0m14:52:25.067181 [debug] [MainThread]: Using postgres connection "master"
[0m14:52:25.067181 [debug] [MainThread]: On master: COMMIT
[0m14:52:25.067181 [debug] [MainThread]: SQL status: COMMIT in 0.0 seconds
[0m14:52:25.068222 [debug] [MainThread]: On master: Close
[0m14:52:25.068222 [info ] [MainThread]: Concurrency: 3 threads (target='local')
[0m14:52:25.069227 [info ] [MainThread]: 
[0m14:52:25.071692 [debug] [Thread-1 (]: Began running node seed.integration_tests.contacts
[0m14:52:25.072196 [debug] [Thread-2 (]: Began running node seed.integration_tests.transactions
[0m14:52:25.072196 [debug] [Thread-3 (]: Began running node test.customer360.source_accepted_values_web_transactions_category__Apps_Games__Beauty__Books__Clothing_Shoes_Accessories__Movies_TV__Sports_Fitness_Outdoors.23608d4247
[0m14:52:25.073201 [info ] [Thread-1 (]: 1 of 13 START seed file public.contacts ........................................ [RUN]
[0m14:52:25.073201 [info ] [Thread-2 (]: 2 of 13 START seed file public.transactions .................................... [RUN]
[0m14:52:25.074203 [debug] [Thread-1 (]: Acquiring new postgres connection 'seed.integration_tests.contacts'
[0m14:52:25.074203 [info ] [Thread-3 (]: 3 of 13 START test source_accepted_values_web_transactions_category__Apps_Games__Beauty__Books__Clothing_Shoes_Accessories__Movies_TV__Sports_Fitness_Outdoors  [RUN]
[0m14:52:25.075202 [debug] [Thread-2 (]: Acquiring new postgres connection 'seed.integration_tests.transactions'
[0m14:52:25.075202 [debug] [Thread-1 (]: Began compiling node seed.integration_tests.contacts
[0m14:52:25.076201 [debug] [Thread-3 (]: Acquiring new postgres connection 'test.customer360.source_accepted_values_web_transactions_category__Apps_Games__Beauty__Books__Clothing_Shoes_Accessories__Movies_TV__Sports_Fitness_Outdoors.23608d4247'
[0m14:52:25.076201 [debug] [Thread-2 (]: Began compiling node seed.integration_tests.transactions
[0m14:52:25.076201 [debug] [Thread-1 (]: Timing info for seed.integration_tests.contacts (compile): 14:52:25.076201 => 14:52:25.076201
[0m14:52:25.077201 [debug] [Thread-3 (]: Began compiling node test.customer360.source_accepted_values_web_transactions_category__Apps_Games__Beauty__Books__Clothing_Shoes_Accessories__Movies_TV__Sports_Fitness_Outdoors.23608d4247
[0m14:52:25.077201 [debug] [Thread-2 (]: Timing info for seed.integration_tests.transactions (compile): 14:52:25.077201 => 14:52:25.077201
[0m14:52:25.078201 [debug] [Thread-1 (]: Began executing node seed.integration_tests.contacts
[0m14:52:25.089245 [debug] [Thread-3 (]: Writing injected SQL for node "test.customer360.source_accepted_values_web_transactions_category__Apps_Games__Beauty__Books__Clothing_Shoes_Accessories__Movies_TV__Sports_Fitness_Outdoors.23608d4247"
[0m14:52:25.090238 [debug] [Thread-2 (]: Began executing node seed.integration_tests.transactions
[0m14:52:25.111234 [debug] [Thread-1 (]: Using postgres connection "seed.integration_tests.contacts"
[0m14:52:25.112237 [debug] [Thread-1 (]: On seed.integration_tests.contacts: BEGIN
[0m14:52:25.115201 [debug] [Thread-2 (]: Using postgres connection "seed.integration_tests.transactions"
[0m14:52:25.115201 [debug] [Thread-1 (]: Opening a new connection, currently in state init
[0m14:52:25.115201 [debug] [Thread-2 (]: On seed.integration_tests.transactions: BEGIN
[0m14:52:25.116388 [debug] [Thread-2 (]: Opening a new connection, currently in state init
[0m14:52:25.116388 [debug] [Thread-3 (]: Timing info for test.customer360.source_accepted_values_web_transactions_category__Apps_Games__Beauty__Books__Clothing_Shoes_Accessories__Movies_TV__Sports_Fitness_Outdoors.23608d4247 (compile): 14:52:25.078201 => 14:52:25.116388
[0m14:52:25.117834 [debug] [Thread-3 (]: Began executing node test.customer360.source_accepted_values_web_transactions_category__Apps_Games__Beauty__Books__Clothing_Shoes_Accessories__Movies_TV__Sports_Fitness_Outdoors.23608d4247
[0m14:52:25.127885 [debug] [Thread-3 (]: Writing runtime sql for node "test.customer360.source_accepted_values_web_transactions_category__Apps_Games__Beauty__Books__Clothing_Shoes_Accessories__Movies_TV__Sports_Fitness_Outdoors.23608d4247"
[0m14:52:25.128895 [debug] [Thread-3 (]: Using postgres connection "test.customer360.source_accepted_values_web_transactions_category__Apps_Games__Beauty__Books__Clothing_Shoes_Accessories__Movies_TV__Sports_Fitness_Outdoors.23608d4247"
[0m14:52:25.129880 [debug] [Thread-3 (]: On test.customer360.source_accepted_values_web_transactions_category__Apps_Games__Beauty__Books__Clothing_Shoes_Accessories__Movies_TV__Sports_Fitness_Outdoors.23608d4247: BEGIN
[0m14:52:25.129880 [debug] [Thread-3 (]: Opening a new connection, currently in state init
[0m14:52:25.169847 [debug] [Thread-1 (]: SQL status: BEGIN in 0.0 seconds
[0m14:52:25.171351 [debug] [Thread-1 (]: Using postgres connection "seed.integration_tests.contacts"
[0m14:52:25.171351 [debug] [Thread-1 (]: On seed.integration_tests.contacts: /* {"app": "dbt", "dbt_version": "1.7.2", "profile_name": "integration_tests", "target_name": "local", "node_id": "seed.integration_tests.contacts"} */
truncate table "dbt"."public"."contacts"
[0m14:52:25.177365 [debug] [Thread-1 (]: SQL status: TRUNCATE TABLE in 0.0 seconds
[0m14:52:25.199355 [debug] [Thread-1 (]: Using postgres connection "seed.integration_tests.contacts"
[0m14:52:25.199355 [debug] [Thread-1 (]: On seed.integration_tests.contacts: 
          insert into "dbt"."public"."contacts" ("id", "username", "name", "gender", "address", "mail", "birthdate", "_loaded_at_utc") values
          (%s,%s,%s,%s,%s,%s,%s,%s),(%s,%s,%s,%s,%s,%s,%s,%s),(%s,%s,%s,%s,%s,%s,%s,%s),(%s,%s,%s,%s,%s,%s,%s,%s),(%s,%s,%s,%s,%s,%s,%s,%s),(%s,%s,%s,%s,%s,%s,%s,%s),(%s,%s,%s,%s,%s,%s,%s,%s),(%s,%s,%s,%s,%s,%s,%s,%s),(%s,%s,%s,%s,%s,%s,%s,%s),(%s,%s,%s,%s,%s,%s,%s,%s),(%s,%s,%s,%s,%s,%s,%s,%s)
      ...
[0m14:52:25.200355 [debug] [Thread-1 (]: SQL status: INSERT 0 11 in 0.0 seconds
[0m14:52:25.204391 [debug] [Thread-1 (]: Writing runtime SQL for node "seed.integration_tests.contacts"
[0m14:52:25.214356 [debug] [Thread-1 (]: On seed.integration_tests.contacts: COMMIT
[0m14:52:25.214356 [debug] [Thread-1 (]: Using postgres connection "seed.integration_tests.contacts"
[0m14:52:25.215357 [debug] [Thread-2 (]: SQL status: BEGIN in 0.0 seconds
[0m14:52:25.215357 [debug] [Thread-1 (]: On seed.integration_tests.contacts: COMMIT
[0m14:52:25.215357 [debug] [Thread-2 (]: Using postgres connection "seed.integration_tests.transactions"
[0m14:52:25.216357 [debug] [Thread-2 (]: On seed.integration_tests.transactions: /* {"app": "dbt", "dbt_version": "1.7.2", "profile_name": "integration_tests", "target_name": "local", "node_id": "seed.integration_tests.transactions"} */
truncate table "dbt"."public"."transactions"
[0m14:52:25.217362 [debug] [Thread-1 (]: SQL status: COMMIT in 0.0 seconds
[0m14:52:25.218358 [debug] [Thread-1 (]: Timing info for seed.integration_tests.contacts (execute): 14:52:25.090238 => 14:52:25.217362
[0m14:52:25.218358 [debug] [Thread-1 (]: On seed.integration_tests.contacts: Close
[0m14:52:25.219357 [debug] [Thread-1 (]: Sending event: {'category': 'dbt', 'action': 'run_model', 'label': '5d2f9ca7-a8d2-40d7-8a1b-42878ba2de8f', 'context': [<snowplow_tracker.self_describing_json.SelfDescribingJson object at 0x000002753307C130>]}
[0m14:52:25.219357 [info ] [Thread-1 (]: 1 of 13 OK loaded seed file public.contacts .................................... [[32mINSERT 11[0m in 0.14s]
[0m14:52:25.220358 [debug] [Thread-1 (]: Finished running node seed.integration_tests.contacts
[0m14:52:25.220358 [debug] [Thread-1 (]: Began running node test.customer360.source_not_null_salesforce_contacts_id.c732d8a00d
[0m14:52:25.221356 [info ] [Thread-1 (]: 4 of 13 START test source_not_null_salesforce_contacts_id ...................... [RUN]
[0m14:52:25.222356 [debug] [Thread-1 (]: Re-using an available connection from the pool (formerly seed.integration_tests.contacts, now test.customer360.source_not_null_salesforce_contacts_id.c732d8a00d)
[0m14:52:25.222356 [debug] [Thread-2 (]: SQL status: TRUNCATE TABLE in 0.0 seconds
[0m14:52:25.222356 [debug] [Thread-1 (]: Began compiling node test.customer360.source_not_null_salesforce_contacts_id.c732d8a00d
[0m14:52:25.255356 [debug] [Thread-3 (]: SQL status: BEGIN in 0.0 seconds
[0m14:52:25.321096 [debug] [Thread-1 (]: Writing injected SQL for node "test.customer360.source_not_null_salesforce_contacts_id.c732d8a00d"
[0m14:52:25.326092 [debug] [Thread-2 (]: Using postgres connection "seed.integration_tests.transactions"
[0m14:52:25.326092 [debug] [Thread-3 (]: Using postgres connection "test.customer360.source_accepted_values_web_transactions_category__Apps_Games__Beauty__Books__Clothing_Shoes_Accessories__Movies_TV__Sports_Fitness_Outdoors.23608d4247"
[0m14:52:25.327096 [debug] [Thread-2 (]: On seed.integration_tests.transactions: 
          insert into "dbt"."public"."transactions" ("contact_id", "id", "transaction_date", "amount", "item_count", "category", "_loaded_at_utc") values
          (%s,%s,%s,%s,%s,%s,%s),(%s,%s,%s,%s,%s,%s,%s),(%s,%s,%s,%s,%s,%s,%s),(%s,%s,%s,%s,%s,%s,%s),(%s,%s,%s,%s,%s,%s,%s),(%s,%s,%s,%s,%s,%s,%s),(%s,%s,%s,%s,%s,%s,%s),(%s,%s,%s,%s,%s,%s,%s),(%s,%s,%s,%s,%s,%s,%s),(%s,%s,%s,%s,%s,%s,%s),(%s,%s,%s,%s,%s,%s,%s),(%s,%s,%s,%s,%s,%s,%s),(%s,%s,%s,%s,%s,%s,%s),(%s,%s,%s,%s,%s,%s,%s),(%s,%s,%s,%s,%s,%s,%s),(%...
[0m14:52:25.327096 [debug] [Thread-3 (]: On test.customer360.source_accepted_values_web_transactions_category__Apps_Games__Beauty__Books__Clothing_Shoes_Accessories__Movies_TV__Sports_Fitness_Outdoors.23608d4247: /* {"app": "dbt", "dbt_version": "1.7.2", "profile_name": "integration_tests", "target_name": "local", "node_id": "test.customer360.source_accepted_values_web_transactions_category__Apps_Games__Beauty__Books__Clothing_Shoes_Accessories__Movies_TV__Sports_Fitness_Outdoors.23608d4247"} */
select
      count(*) as failures,
      count(*) != 0 as should_warn,
      count(*) != 0 as should_error
    from (
      
    
    

with all_values as (

    select
        category as value_field,
        count(*) as n_records

    from "dbt"."public"."transactions"
    group by category

)

select *
from all_values
where value_field not in (
    'Apps & Games','Beauty','Books','Clothing, Shoes & Accessories','Movies & TV','Sports, Fitness & Outdoors'
)



      
    ) dbt_internal_test
[0m14:52:25.329062 [debug] [Thread-1 (]: Timing info for test.customer360.source_not_null_salesforce_contacts_id.c732d8a00d (compile): 14:52:25.317059 => 14:52:25.328094
[0m14:52:25.329062 [debug] [Thread-1 (]: Began executing node test.customer360.source_not_null_salesforce_contacts_id.c732d8a00d
[0m14:52:25.331060 [debug] [Thread-1 (]: Writing runtime sql for node "test.customer360.source_not_null_salesforce_contacts_id.c732d8a00d"
[0m14:52:25.331060 [debug] [Thread-2 (]: SQL status: INSERT 0 102 in 0.0 seconds
[0m14:52:25.331060 [debug] [Thread-2 (]: Writing runtime SQL for node "seed.integration_tests.transactions"
[0m14:52:25.333598 [debug] [Thread-2 (]: On seed.integration_tests.transactions: COMMIT
[0m14:52:25.333598 [debug] [Thread-1 (]: Using postgres connection "test.customer360.source_not_null_salesforce_contacts_id.c732d8a00d"
[0m14:52:25.333598 [debug] [Thread-2 (]: Using postgres connection "seed.integration_tests.transactions"
[0m14:52:25.334594 [debug] [Thread-1 (]: On test.customer360.source_not_null_salesforce_contacts_id.c732d8a00d: BEGIN
[0m14:52:25.334594 [debug] [Thread-2 (]: On seed.integration_tests.transactions: COMMIT
[0m14:52:25.334594 [debug] [Thread-1 (]: Opening a new connection, currently in state closed
[0m14:52:25.336561 [debug] [Thread-2 (]: SQL status: COMMIT in 0.0 seconds
[0m14:52:25.336561 [debug] [Thread-3 (]: SQL status: SELECT 1 in 0.0 seconds
[0m14:52:25.337558 [debug] [Thread-2 (]: Timing info for seed.integration_tests.transactions (execute): 14:52:25.102201 => 14:52:25.337558
[0m14:52:25.339561 [debug] [Thread-3 (]: Timing info for test.customer360.source_accepted_values_web_transactions_category__Apps_Games__Beauty__Books__Clothing_Shoes_Accessories__Movies_TV__Sports_Fitness_Outdoors.23608d4247 (execute): 14:52:25.117834 => 14:52:25.338561
[0m14:52:25.339561 [debug] [Thread-2 (]: On seed.integration_tests.transactions: Close
[0m14:52:25.339561 [debug] [Thread-3 (]: On test.customer360.source_accepted_values_web_transactions_category__Apps_Games__Beauty__Books__Clothing_Shoes_Accessories__Movies_TV__Sports_Fitness_Outdoors.23608d4247: ROLLBACK
[0m14:52:25.340559 [debug] [Thread-2 (]: Sending event: {'category': 'dbt', 'action': 'run_model', 'label': '5d2f9ca7-a8d2-40d7-8a1b-42878ba2de8f', 'context': [<snowplow_tracker.self_describing_json.SelfDescribingJson object at 0x000002753301FE50>]}
[0m14:52:25.340559 [debug] [Thread-3 (]: On test.customer360.source_accepted_values_web_transactions_category__Apps_Games__Beauty__Books__Clothing_Shoes_Accessories__Movies_TV__Sports_Fitness_Outdoors.23608d4247: Close
[0m14:52:25.342039 [info ] [Thread-2 (]: 2 of 13 OK loaded seed file public.transactions ................................ [[32mINSERT 102[0m in 0.27s]
[0m14:52:25.342039 [error] [Thread-3 (]: 3 of 13 FAIL 1 source_accepted_values_web_transactions_category__Apps_Games__Beauty__Books__Clothing_Shoes_Accessories__Movies_TV__Sports_Fitness_Outdoors  [[31mFAIL 1[0m in 0.27s]
[0m14:52:25.342900 [debug] [Thread-2 (]: Finished running node seed.integration_tests.transactions
[0m14:52:25.342900 [debug] [Thread-3 (]: Finished running node test.customer360.source_accepted_values_web_transactions_category__Apps_Games__Beauty__Books__Clothing_Shoes_Accessories__Movies_TV__Sports_Fitness_Outdoors.23608d4247
[0m14:52:25.344238 [debug] [Thread-2 (]: Began running node test.customer360.source_not_null_web_transactions_id.88a47bf7e5
[0m14:52:25.344238 [debug] [Thread-3 (]: Began running node test.customer360.source_unique_salesforce_contacts_id.01cadaaf43
[0m14:52:25.344238 [info ] [Thread-2 (]: 5 of 13 START test source_not_null_web_transactions_id ......................... [RUN]
[0m14:52:25.345281 [info ] [Thread-3 (]: 6 of 13 START test source_unique_salesforce_contacts_id ........................ [RUN]
[0m14:52:25.345281 [debug] [Thread-2 (]: Re-using an available connection from the pool (formerly seed.integration_tests.transactions, now test.customer360.source_not_null_web_transactions_id.88a47bf7e5)
[0m14:52:25.346281 [debug] [Thread-3 (]: Re-using an available connection from the pool (formerly test.customer360.source_accepted_values_web_transactions_category__Apps_Games__Beauty__Books__Clothing_Shoes_Accessories__Movies_TV__Sports_Fitness_Outdoors.23608d4247, now test.customer360.source_unique_salesforce_contacts_id.01cadaaf43)
[0m14:52:25.346281 [debug] [Thread-2 (]: Began compiling node test.customer360.source_not_null_web_transactions_id.88a47bf7e5
[0m14:52:25.347282 [debug] [Thread-3 (]: Began compiling node test.customer360.source_unique_salesforce_contacts_id.01cadaaf43
[0m14:52:25.350283 [debug] [Thread-2 (]: Writing injected SQL for node "test.customer360.source_not_null_web_transactions_id.88a47bf7e5"
[0m14:52:25.354281 [debug] [Thread-3 (]: Writing injected SQL for node "test.customer360.source_unique_salesforce_contacts_id.01cadaaf43"
[0m14:52:25.355278 [debug] [Thread-2 (]: Timing info for test.customer360.source_not_null_web_transactions_id.88a47bf7e5 (compile): 14:52:25.347282 => 14:52:25.355278
[0m14:52:25.356245 [debug] [Thread-3 (]: Timing info for test.customer360.source_unique_salesforce_contacts_id.01cadaaf43 (compile): 14:52:25.350283 => 14:52:25.355278
[0m14:52:25.356245 [debug] [Thread-2 (]: Began executing node test.customer360.source_not_null_web_transactions_id.88a47bf7e5
[0m14:52:25.356245 [debug] [Thread-3 (]: Began executing node test.customer360.source_unique_salesforce_contacts_id.01cadaaf43
[0m14:52:25.358249 [debug] [Thread-2 (]: Writing runtime sql for node "test.customer360.source_not_null_web_transactions_id.88a47bf7e5"
[0m14:52:25.359249 [debug] [Thread-3 (]: Writing runtime sql for node "test.customer360.source_unique_salesforce_contacts_id.01cadaaf43"
[0m14:52:25.360249 [debug] [Thread-2 (]: Using postgres connection "test.customer360.source_not_null_web_transactions_id.88a47bf7e5"
[0m14:52:25.361355 [debug] [Thread-3 (]: Using postgres connection "test.customer360.source_unique_salesforce_contacts_id.01cadaaf43"
[0m14:52:25.361355 [debug] [Thread-2 (]: On test.customer360.source_not_null_web_transactions_id.88a47bf7e5: BEGIN
[0m14:52:25.361355 [debug] [Thread-3 (]: On test.customer360.source_unique_salesforce_contacts_id.01cadaaf43: BEGIN
[0m14:52:25.362400 [debug] [Thread-2 (]: Opening a new connection, currently in state closed
[0m14:52:25.362400 [debug] [Thread-3 (]: Opening a new connection, currently in state closed
[0m14:52:25.386938 [debug] [Thread-1 (]: SQL status: BEGIN in 0.0 seconds
[0m14:52:25.386938 [debug] [Thread-1 (]: Using postgres connection "test.customer360.source_not_null_salesforce_contacts_id.c732d8a00d"
[0m14:52:25.387938 [debug] [Thread-1 (]: On test.customer360.source_not_null_salesforce_contacts_id.c732d8a00d: /* {"app": "dbt", "dbt_version": "1.7.2", "profile_name": "integration_tests", "target_name": "local", "node_id": "test.customer360.source_not_null_salesforce_contacts_id.c732d8a00d"} */
select
      count(*) as failures,
      count(*) != 0 as should_warn,
      count(*) != 0 as should_error
    from (
      
    
    



select id
from "dbt"."public"."contacts"
where id is null



      
    ) dbt_internal_test
[0m14:52:25.388938 [debug] [Thread-1 (]: SQL status: SELECT 1 in 0.0 seconds
[0m14:52:25.389938 [debug] [Thread-1 (]: Timing info for test.customer360.source_not_null_salesforce_contacts_id.c732d8a00d (execute): 14:52:25.329062 => 14:52:25.389938
[0m14:52:25.390938 [debug] [Thread-1 (]: On test.customer360.source_not_null_salesforce_contacts_id.c732d8a00d: ROLLBACK
[0m14:52:25.390938 [debug] [Thread-1 (]: On test.customer360.source_not_null_salesforce_contacts_id.c732d8a00d: Close
[0m14:52:25.391938 [info ] [Thread-1 (]: 4 of 13 PASS source_not_null_salesforce_contacts_id ............................ [[32mPASS[0m in 0.17s]
[0m14:52:25.391938 [debug] [Thread-1 (]: Finished running node test.customer360.source_not_null_salesforce_contacts_id.c732d8a00d
[0m14:52:25.392979 [debug] [Thread-1 (]: Began running node test.customer360.source_unique_web_transactions_id.ba28079761
[0m14:52:25.392979 [info ] [Thread-1 (]: 7 of 13 START test source_unique_web_transactions_id ........................... [RUN]
[0m14:52:25.393987 [debug] [Thread-1 (]: Re-using an available connection from the pool (formerly test.customer360.source_not_null_salesforce_contacts_id.c732d8a00d, now test.customer360.source_unique_web_transactions_id.ba28079761)
[0m14:52:25.393987 [debug] [Thread-1 (]: Began compiling node test.customer360.source_unique_web_transactions_id.ba28079761
[0m14:52:25.397973 [debug] [Thread-1 (]: Writing injected SQL for node "test.customer360.source_unique_web_transactions_id.ba28079761"
[0m14:52:25.398974 [debug] [Thread-1 (]: Timing info for test.customer360.source_unique_web_transactions_id.ba28079761 (compile): 14:52:25.394973 => 14:52:25.398974
[0m14:52:25.399941 [debug] [Thread-1 (]: Began executing node test.customer360.source_unique_web_transactions_id.ba28079761
[0m14:52:25.400940 [debug] [Thread-1 (]: Writing runtime sql for node "test.customer360.source_unique_web_transactions_id.ba28079761"
[0m14:52:25.401939 [debug] [Thread-1 (]: Using postgres connection "test.customer360.source_unique_web_transactions_id.ba28079761"
[0m14:52:25.401939 [debug] [Thread-1 (]: On test.customer360.source_unique_web_transactions_id.ba28079761: BEGIN
[0m14:52:25.403227 [debug] [Thread-1 (]: Opening a new connection, currently in state closed
[0m14:52:25.419271 [debug] [Thread-2 (]: SQL status: BEGIN in 0.0 seconds
[0m14:52:25.420273 [debug] [Thread-2 (]: Using postgres connection "test.customer360.source_not_null_web_transactions_id.88a47bf7e5"
[0m14:52:25.420273 [debug] [Thread-2 (]: On test.customer360.source_not_null_web_transactions_id.88a47bf7e5: /* {"app": "dbt", "dbt_version": "1.7.2", "profile_name": "integration_tests", "target_name": "local", "node_id": "test.customer360.source_not_null_web_transactions_id.88a47bf7e5"} */
select
      count(*) as failures,
      count(*) != 0 as should_warn,
      count(*) != 0 as should_error
    from (
      
    
    



select id
from "dbt"."public"."transactions"
where id is null



      
    ) dbt_internal_test
[0m14:52:25.421271 [debug] [Thread-2 (]: SQL status: SELECT 1 in 0.0 seconds
[0m14:52:25.422272 [debug] [Thread-2 (]: Timing info for test.customer360.source_not_null_web_transactions_id.88a47bf7e5 (execute): 14:52:25.357250 => 14:52:25.422272
[0m14:52:25.423272 [debug] [Thread-2 (]: On test.customer360.source_not_null_web_transactions_id.88a47bf7e5: ROLLBACK
[0m14:52:25.423272 [debug] [Thread-2 (]: On test.customer360.source_not_null_web_transactions_id.88a47bf7e5: Close
[0m14:52:25.424270 [info ] [Thread-2 (]: 5 of 13 PASS source_not_null_web_transactions_id ............................... [[32mPASS[0m in 0.08s]
[0m14:52:25.425234 [debug] [Thread-2 (]: Finished running node test.customer360.source_not_null_web_transactions_id.88a47bf7e5
[0m14:52:25.491827 [debug] [Thread-1 (]: SQL status: BEGIN in 0.0 seconds
[0m14:52:25.491827 [debug] [Thread-1 (]: Using postgres connection "test.customer360.source_unique_web_transactions_id.ba28079761"
[0m14:52:25.491827 [debug] [Thread-1 (]: On test.customer360.source_unique_web_transactions_id.ba28079761: /* {"app": "dbt", "dbt_version": "1.7.2", "profile_name": "integration_tests", "target_name": "local", "node_id": "test.customer360.source_unique_web_transactions_id.ba28079761"} */
select
      count(*) as failures,
      count(*) != 0 as should_warn,
      count(*) != 0 as should_error
    from (
      
    
    

select
    id as unique_field,
    count(*) as n_records

from "dbt"."public"."transactions"
where id is not null
group by id
having count(*) > 1



      
    ) dbt_internal_test
[0m14:52:25.493827 [debug] [Thread-1 (]: SQL status: SELECT 1 in 0.0 seconds
[0m14:52:25.494826 [debug] [Thread-1 (]: Timing info for test.customer360.source_unique_web_transactions_id.ba28079761 (execute): 14:52:25.399941 => 14:52:25.494826
[0m14:52:25.494826 [debug] [Thread-1 (]: On test.customer360.source_unique_web_transactions_id.ba28079761: ROLLBACK
[0m14:52:25.495827 [debug] [Thread-1 (]: On test.customer360.source_unique_web_transactions_id.ba28079761: Close
[0m14:52:25.496826 [info ] [Thread-1 (]: 7 of 13 PASS source_unique_web_transactions_id ................................. [[32mPASS[0m in 0.10s]
[0m14:52:25.496826 [debug] [Thread-1 (]: Finished running node test.customer360.source_unique_web_transactions_id.ba28079761
[0m14:52:25.497825 [debug] [Thread-2 (]: Began running node model.customer360.stg_web__transactions
[0m14:52:25.497825 [info ] [Thread-2 (]: 8 of 13 SKIP relation public.stg_web__transactions ............................. [[33mSKIP[0m]
[0m14:52:25.498828 [debug] [Thread-2 (]: Finished running node model.customer360.stg_web__transactions
[0m14:52:25.549823 [debug] [Thread-3 (]: SQL status: BEGIN in 0.0 seconds
[0m14:52:25.550822 [debug] [Thread-3 (]: Using postgres connection "test.customer360.source_unique_salesforce_contacts_id.01cadaaf43"
[0m14:52:25.550822 [debug] [Thread-3 (]: On test.customer360.source_unique_salesforce_contacts_id.01cadaaf43: /* {"app": "dbt", "dbt_version": "1.7.2", "profile_name": "integration_tests", "target_name": "local", "node_id": "test.customer360.source_unique_salesforce_contacts_id.01cadaaf43"} */
select
      count(*) as failures,
      count(*) != 0 as should_warn,
      count(*) != 0 as should_error
    from (
      
    
    

select
    id as unique_field,
    count(*) as n_records

from "dbt"."public"."contacts"
where id is not null
group by id
having count(*) > 1



      
    ) dbt_internal_test
[0m14:52:25.551823 [debug] [Thread-3 (]: SQL status: SELECT 1 in 0.0 seconds
[0m14:52:25.552823 [debug] [Thread-3 (]: Timing info for test.customer360.source_unique_salesforce_contacts_id.01cadaaf43 (execute): 14:52:25.358249 => 14:52:25.552823
[0m14:52:25.553823 [debug] [Thread-3 (]: On test.customer360.source_unique_salesforce_contacts_id.01cadaaf43: ROLLBACK
[0m14:52:25.553823 [debug] [Thread-3 (]: On test.customer360.source_unique_salesforce_contacts_id.01cadaaf43: Close
[0m14:52:25.554822 [error] [Thread-3 (]: 6 of 13 FAIL 1 source_unique_salesforce_contacts_id ............................ [[31mFAIL 1[0m in 0.21s]
[0m14:52:25.554822 [debug] [Thread-3 (]: Finished running node test.customer360.source_unique_salesforce_contacts_id.01cadaaf43
[0m14:52:25.555823 [debug] [Thread-1 (]: Began running node model.customer360.stg_sf__contacts
[0m14:52:25.556915 [info ] [Thread-1 (]: 9 of 13 SKIP relation public.stg_sf__contacts .................................. [[33mSKIP[0m]
[0m14:52:25.556915 [debug] [Thread-1 (]: Finished running node model.customer360.stg_sf__contacts
[0m14:52:25.557893 [debug] [Thread-3 (]: Began running node model.customer360.contacts_joined_with_transactions
[0m14:52:25.557893 [info ] [Thread-3 (]: 10 of 13 SKIP relation public.contacts_joined_with_transactions ................ [[33mSKIP[0m]
[0m14:52:25.558861 [debug] [Thread-3 (]: Finished running node model.customer360.contacts_joined_with_transactions
[0m14:52:25.558861 [debug] [Thread-1 (]: Began running node test.customer360.not_null_contacts_joined_with_transactions_id.4b4c841311
[0m14:52:25.558861 [debug] [Thread-2 (]: Began running node test.customer360.unique_contacts_joined_with_transactions_id.b0269f62bb
[0m14:52:25.559865 [info ] [Thread-1 (]: 11 of 13 SKIP test not_null_contacts_joined_with_transactions_id ............... [[33mSKIP[0m]
[0m14:52:25.559865 [info ] [Thread-2 (]: 12 of 13 SKIP test unique_contacts_joined_with_transactions_id ................. [[33mSKIP[0m]
[0m14:52:25.560861 [debug] [Thread-1 (]: Finished running node test.customer360.not_null_contacts_joined_with_transactions_id.4b4c841311
[0m14:52:25.560861 [debug] [Thread-2 (]: Finished running node test.customer360.unique_contacts_joined_with_transactions_id.b0269f62bb
[0m14:52:25.561859 [debug] [Thread-3 (]: Began running node model.customer360.customers
[0m14:52:25.561859 [info ] [Thread-3 (]: 13 of 13 SKIP relation public.customers ........................................ [[33mSKIP[0m]
[0m14:52:25.562863 [debug] [Thread-3 (]: Finished running node model.customer360.customers
[0m14:52:25.563864 [debug] [MainThread]: Using postgres connection "master"
[0m14:52:25.563864 [debug] [MainThread]: On master: BEGIN
[0m14:52:25.563864 [debug] [MainThread]: Opening a new connection, currently in state closed
[0m14:52:25.622412 [debug] [MainThread]: SQL status: BEGIN in 0.0 seconds
[0m14:52:25.623412 [debug] [MainThread]: On master: COMMIT
[0m14:52:25.623412 [debug] [MainThread]: Using postgres connection "master"
[0m14:52:25.623412 [debug] [MainThread]: On master: COMMIT
[0m14:52:25.624412 [debug] [MainThread]: SQL status: COMMIT in 0.0 seconds
[0m14:52:25.624412 [debug] [MainThread]: On master: Close
[0m14:52:25.625412 [debug] [MainThread]: Connection 'master' was properly closed.
[0m14:52:25.625412 [debug] [MainThread]: Connection 'list_dbt' was properly closed.
[0m14:52:25.625412 [debug] [MainThread]: Connection 'list_dbt_public' was properly closed.
[0m14:52:25.626413 [debug] [MainThread]: Connection 'test.customer360.source_unique_web_transactions_id.ba28079761' was properly closed.
[0m14:52:25.626413 [debug] [MainThread]: Connection 'test.customer360.source_not_null_web_transactions_id.88a47bf7e5' was properly closed.
[0m14:52:25.626413 [debug] [MainThread]: Connection 'test.customer360.source_unique_salesforce_contacts_id.01cadaaf43' was properly closed.
[0m14:52:25.626413 [info ] [MainThread]: 
[0m14:52:25.627412 [info ] [MainThread]: Finished running 2 seeds, 7 tests, 3 table models, 1 view model in 0 hours 0 minutes and 0.88 seconds (0.88s).
[0m14:52:25.628413 [debug] [MainThread]: Command end result
[0m14:52:25.634489 [info ] [MainThread]: 
[0m14:52:25.635489 [info ] [MainThread]: [31mCompleted with 2 errors and 0 warnings:[0m
[0m14:52:25.635489 [info ] [MainThread]: 
[0m14:52:25.635489 [error] [MainThread]: [31mFailure in test source_accepted_values_web_transactions_category__Apps_Games__Beauty__Books__Clothing_Shoes_Accessories__Movies_TV__Sports_Fitness_Outdoors (models\staging\web\_web__sources.yml)[0m
[0m14:52:25.636489 [error] [MainThread]:   Got 1 result, configured to fail if != 0
[0m14:52:25.636489 [info ] [MainThread]: 
[0m14:52:25.637488 [info ] [MainThread]:   compiled Code at target\compiled\customer360\models\staging\web\_web__sources.yml\source_accepted_values_web_tra_137951f36ffb2bd59ccf7733305e6fbd.sql
[0m14:52:25.637488 [info ] [MainThread]: 
[0m14:52:25.637488 [error] [MainThread]: [31mFailure in test source_unique_salesforce_contacts_id (models\staging\salesforce\_sf__sources.yaml)[0m
[0m14:52:25.638488 [error] [MainThread]:   Got 1 result, configured to fail if != 0
[0m14:52:25.638488 [info ] [MainThread]: 
[0m14:52:25.638488 [info ] [MainThread]:   compiled Code at target\compiled\customer360\models\staging\salesforce\_sf__sources.yaml\source_unique_salesforce_contacts_id.sql
[0m14:52:25.639488 [info ] [MainThread]: 
[0m14:52:25.639488 [info ] [MainThread]: Done. PASS=5 WARN=0 ERROR=2 SKIP=6 TOTAL=13
[0m14:52:25.640491 [debug] [MainThread]: Command `dbt build` failed at 14:52:25.640491 after 1.24 seconds
[0m14:52:25.640491 [debug] [MainThread]: Sending event: {'category': 'dbt', 'action': 'invocation', 'label': 'end', 'context': [<snowplow_tracker.self_describing_json.SelfDescribingJson object at 0x000002752F867220>, <snowplow_tracker.self_describing_json.SelfDescribingJson object at 0x000002753302F820>, <snowplow_tracker.self_describing_json.SelfDescribingJson object at 0x0000027532EE4370>]}
[0m14:52:25.641489 [debug] [MainThread]: Flushing usage events
